Process started at: 2024-10-30 17:14:23.869399
Loading data...
    DATABASE: data/DisasterResponse.db
Building model...
Training model...
Fitting 5 folds for each of 144 candidates, totalling 720 fits
[CV] END clf__estimator__max_depth=10, clf__estimator__n_estimators=100, tfidf__max_features=500, tfidf__min_df=1; total time=  12.5s
[CV] END clf__estimator__max_depth=10, clf__estimator__n_estimators=100, tfidf__max_features=2000, tfidf__min_df=1; total time=   8.0s
[CV] END clf__estimator__max_depth=10, clf__estimator__n_estimators=100, tfidf__max_features=2000, tfidf__min_df=3; total time=   8.3s
[CV] END clf__estimator__max_depth=10, clf__estimator__n_estimators=100, tfidf__max_features=3000, tfidf__min_df=3; total time=   8.2s
[CV] END clf__estimator__max_depth=10, clf__estimator__n_estimators=200, tfidf__max_features=500, tfidf__min_df=3; total time=  18.3s
[CV] END clf__estimator__max_depth=10, clf__estimator__n_estimators=200, tfidf__max_features=1000, tfidf__min_df=5; total time=  16.6s
[CV] END clf__estimator__max_depth=10, clf__estimator__n_estimators=200, tfidf__max_features=2000, tfidf__min_df=5; total time=  16.1s
[CV] END clf__estimator__max_depth=10, clf__estimator__n_estimators=300, tfidf__max_features=500, tfidf__min_df=1; total time=  24.6s
[CV] END clf__estimator__max_depth=10, clf__estimator__n_estimators=300, tfidf__max_features=1000, tfidf__min_df=1; total time=  24.3s
[CV] END clf__estimator__max_depth=10, clf__estimator__n_estimators=300, tfidf__max_features=2000, tfidf__min_df=1; total time=  23.2s
[CV] END clf__estimator__max_depth=10, clf__estimator__n_estimators=300, tfidf__max_features=3000, tfidf__min_df=1; total time=  22.3s
[CV] END clf__estimator__max_depth=10, clf__estimator__n_estimators=400, tfidf__max_features=500, tfidf__min_df=3; total time=  31.9s
[CV] END clf__estimator__max_depth=10, clf__estimator__n_estimators=400, tfidf__max_features=1000, tfidf__min_df=3; total time=  32.1s
[CV] END clf__estimator__max_depth=10, clf__estimator__n_estimators=400, tfidf__max_features=2000, tfidf__min_df=3; total time=  29.8s
[CV] END clf__estimator__max_depth=10, clf__estimator__n_estimators=400, tfidf__max_features=3000, tfidf__min_df=3; total time=  29.0s
[CV] END clf__estimator__max_depth=20, clf__estimator__n_estimators=100, tfidf__max_features=500, tfidf__min_df=5; total time=  15.5s
[CV] END clf__estimator__max_depth=20, clf__estimator__n_estimators=100, tfidf__max_features=1000, tfidf__min_df=5; total time=  15.0s
[CV] END clf__estimator__max_depth=20, clf__estimator__n_estimators=100, tfidf__max_features=2000, tfidf__min_df=5; total time=  14.6s
[CV] END clf__estimator__max_depth=20, clf__estimator__n_estimators=200, tfidf__max_features=500, tfidf__min_df=1; total time=  29.5s
[CV] END clf__estimator__max_depth=20, clf__estimator__n_estimators=200, tfidf__max_features=1000, tfidf__min_df=1; total time=  28.1s
[CV] END clf__estimator__max_depth=20, clf__estimator__n_estimators=200, tfidf__max_features=2000, tfidf__min_df=1; total time=  26.0s
[CV] END clf__estimator__max_depth=20, clf__estimator__n_estimators=200, tfidf__max_features=3000, tfidf__min_df=1; total time=  26.1s
[CV] END clf__estimator__max_depth=20, clf__estimator__n_estimators=300, tfidf__max_features=500, tfidf__min_df=1; total time=  42.6s
[CV] END clf__estimator__max_depth=20, clf__estimator__n_estimators=300, tfidf__max_features=1000, tfidf__min_df=3; total time=  39.6s
[CV] END clf__estimator__max_depth=20, clf__estimator__n_estimators=300, tfidf__max_features=2000, tfidf__min_df=3; total time=  39.1s
[CV] END clf__estimator__max_depth=20, clf__estimator__n_estimators=300, tfidf__max_features=3000, tfidf__min_df=3; total time=  38.2s
[CV] END clf__estimator__max_depth=20, clf__estimator__n_estimators=400, tfidf__max_features=500, tfidf__min_df=3; total time=  56.7s
[CV] END clf__estimator__max_depth=20, clf__estimator__n_estimators=400, tfidf__max_features=1000, tfidf__min_df=3; total time=  52.7s
[CV] END clf__estimator__max_depth=20, clf__estimator__n_estimators=400, tfidf__max_features=2000, tfidf__min_df=5; total time=  50.3s
[CV] END clf__estimator__max_depth=20, clf__estimator__n_estimators=400, tfidf__max_features=3000, tfidf__min_df=5; total time=  49.6s
[CV] END clf__estimator__max_depth=None, clf__estimator__n_estimators=100, tfidf__max_features=500, tfidf__min_df=5; total time=  59.6s
[CV] END clf__estimator__max_depth=None, clf__estimator__n_estimators=100, tfidf__max_features=1000, tfidf__min_df=5; total time= 1.1min
[CV] END clf__estimator__max_depth=None, clf__estimator__n_estimators=100, tfidf__max_features=2000, tfidf__min_df=5; total time= 1.2min
[CV] END clf__estimator__max_depth=None, clf__estimator__n_estimators=200, tfidf__max_features=500, tfidf__min_df=1; total time= 2.0min
[CV] END clf__estimator__max_depth=10, clf__estimator__n_estimators=100, tfidf__max_features=500, tfidf__min_df=3; total time=  12.1s
[CV] END clf__estimator__max_depth=10, clf__estimator__n_estimators=100, tfidf__max_features=1000, tfidf__min_df=5; total time=   8.4s
[CV] END clf__estimator__max_depth=10, clf__estimator__n_estimators=100, tfidf__max_features=2000, tfidf__min_df=5; total time=   8.0s
[CV] END clf__estimator__max_depth=10, clf__estimator__n_estimators=100, tfidf__max_features=3000, tfidf__min_df=3; total time=   8.3s
[CV] END clf__estimator__max_depth=10, clf__estimator__n_estimators=200, tfidf__max_features=500, tfidf__min_df=5; total time=  18.3s
[CV] END clf__estimator__max_depth=10, clf__estimator__n_estimators=200, tfidf__max_features=1000, tfidf__min_df=5; total time=  16.8s
[CV] END clf__estimator__max_depth=10, clf__estimator__n_estimators=200, tfidf__max_features=3000, tfidf__min_df=1; total time=  16.3s
[CV] END clf__estimator__max_depth=10, clf__estimator__n_estimators=300, tfidf__max_features=500, tfidf__min_df=1; total time=  24.3s
[CV] END clf__estimator__max_depth=10, clf__estimator__n_estimators=300, tfidf__max_features=1000, tfidf__min_df=1; total time=  23.5s
[CV] END clf__estimator__max_depth=10, clf__estimator__n_estimators=300, tfidf__max_features=2000, tfidf__min_df=1; total time=  23.5s
[CV] END clf__estimator__max_depth=10, clf__estimator__n_estimators=300, tfidf__max_features=3000, tfidf__min_df=1; total time=  22.6s
[CV] END clf__estimator__max_depth=10, clf__estimator__n_estimators=400, tfidf__max_features=500, tfidf__min_df=3; total time=  31.7s
[CV] END clf__estimator__max_depth=10, clf__estimator__n_estimators=400, tfidf__max_features=1000, tfidf__min_df=3; total time=  32.6s
[CV] END clf__estimator__max_depth=10, clf__estimator__n_estimators=400, tfidf__max_features=2000, tfidf__min_df=3; total time=  30.4s
[CV] END clf__estimator__max_depth=10, clf__estimator__n_estimators=400, tfidf__max_features=3000, tfidf__min_df=3; total time=  29.6s
[CV] END clf__estimator__max_depth=20, clf__estimator__n_estimators=100, tfidf__max_features=500, tfidf__min_df=5; total time=  15.9s
[CV] END clf__estimator__max_depth=20, clf__estimator__n_estimators=100, tfidf__max_features=1000, tfidf__min_df=5; total time=  15.5s
[CV] END clf__estimator__max_depth=20, clf__estimator__n_estimators=100, tfidf__max_features=3000, tfidf__min_df=1; total time=  14.6s
[CV] END clf__estimator__max_depth=20, clf__estimator__n_estimators=200, tfidf__max_features=500, tfidf__min_df=1; total time=  29.4s
[CV] END clf__estimator__max_depth=20, clf__estimator__n_estimators=200, tfidf__max_features=1000, tfidf__min_df=1; total time=  27.9s
[CV] END clf__estimator__max_depth=20, clf__estimator__n_estimators=200, tfidf__max_features=2000, tfidf__min_df=1; total time=  26.3s
[CV] END clf__estimator__max_depth=20, clf__estimator__n_estimators=200, tfidf__max_features=3000, tfidf__min_df=3; total time=  26.8s
[CV] END clf__estimator__max_depth=20, clf__estimator__n_estimators=300, tfidf__max_features=500, tfidf__min_df=3; total time=  42.7s
[CV] END clf__estimator__max_depth=20, clf__estimator__n_estimators=300, tfidf__max_features=1000, tfidf__min_df=3; total time=  39.4s
[CV] END clf__estimator__max_depth=20, clf__estimator__n_estimators=300, tfidf__max_features=2000, tfidf__min_df=3; total time=  37.8s
[CV] END clf__estimator__max_depth=20, clf__estimator__n_estimators=300, tfidf__max_features=3000, tfidf__min_df=3; total time=  38.4s
[CV] END clf__estimator__max_depth=20, clf__estimator__n_estimators=400, tfidf__max_features=500, tfidf__min_df=5; total time=  55.0s
[CV] END clf__estimator__max_depth=20, clf__estimator__n_estimators=400, tfidf__max_features=1000, tfidf__min_df=5; total time=  53.0s
[CV] END clf__estimator__max_depth=20, clf__estimator__n_estimators=400, tfidf__max_features=2000, tfidf__min_df=5; total time=  50.4s
[CV] END clf__estimator__max_depth=20, clf__estimator__n_estimators=400, tfidf__max_features=3000, tfidf__min_df=5; total time=  49.9s
[CV] END clf__estimator__max_depth=None, clf__estimator__n_estimators=100, tfidf__max_features=500, tfidf__min_df=5; total time=  59.1s
[CV] END clf__estimator__max_depth=None, clf__estimator__n_estimators=100, tfidf__max_features=1000, tfidf__min_df=5; total time= 1.1min
[CV] END clf__estimator__max_depth=None, clf__estimator__n_estimators=100, tfidf__max_features=3000, tfidf__min_df=1; total time= 1.2min
[CV] END clf__estimator__max_depth=None, clf__estimator__n_estimators=200, tfidf__max_features=500, tfidf__min_df=1; total time= 2.0min
[CV] END clf__estimator__max_depth=10, clf__estimator__n_estimators=100, tfidf__max_features=500, tfidf__min_df=5; total time=  12.3s
[CV] END clf__estimator__max_depth=10, clf__estimator__n_estimators=100, tfidf__max_features=2000, tfidf__min_df=1; total time=   8.2s
[CV] END clf__estimator__max_depth=10, clf__estimator__n_estimators=100, tfidf__max_features=2000, tfidf__min_df=5; total time=   8.4s
[CV] END clf__estimator__max_depth=10, clf__estimator__n_estimators=200, tfidf__max_features=500, tfidf__min_df=1; total time=  17.7s
[CV] END clf__estimator__max_depth=10, clf__estimator__n_estimators=200, tfidf__max_features=1000, tfidf__min_df=1; total time=  16.5s
[CV] END clf__estimator__max_depth=10, clf__estimator__n_estimators=200, tfidf__max_features=2000, tfidf__min_df=1; total time=  16.2s
[CV] END clf__estimator__max_depth=10, clf__estimator__n_estimators=200, tfidf__max_features=3000, tfidf__min_df=3; total time=  15.7s
[CV] END clf__estimator__max_depth=10, clf__estimator__n_estimators=300, tfidf__max_features=500, tfidf__min_df=3; total time=  24.7s
[CV] END clf__estimator__max_depth=10, clf__estimator__n_estimators=300, tfidf__max_features=1000, tfidf__min_df=3; total time=  23.4s
[CV] END clf__estimator__max_depth=10, clf__estimator__n_estimators=300, tfidf__max_features=2000, tfidf__min_df=3; total time=  22.4s
[CV] END clf__estimator__max_depth=10, clf__estimator__n_estimators=300, tfidf__max_features=3000, tfidf__min_df=3; total time=  22.0s
[CV] END clf__estimator__max_depth=10, clf__estimator__n_estimators=400, tfidf__max_features=500, tfidf__min_df=3; total time=  32.1s
[CV] END clf__estimator__max_depth=10, clf__estimator__n_estimators=400, tfidf__max_features=1000, tfidf__min_df=5; total time=  32.6s
[CV] END clf__estimator__max_depth=10, clf__estimator__n_estimators=400, tfidf__max_features=2000, tfidf__min_df=5; total time=  30.8s
[CV] END clf__estimator__max_depth=10, clf__estimator__n_estimators=400, tfidf__max_features=3000, tfidf__min_df=5; total time=  28.4s
[CV] END clf__estimator__max_depth=20, clf__estimator__n_estimators=100, tfidf__max_features=1000, tfidf__min_df=1; total time=  14.7s
[CV] END clf__estimator__max_depth=20, clf__estimator__n_estimators=100, tfidf__max_features=2000, tfidf__min_df=1; total time=  15.0s
[CV] END clf__estimator__max_depth=20, clf__estimator__n_estimators=100, tfidf__max_features=3000, tfidf__min_df=3; total time=  14.2s
[CV] END clf__estimator__max_depth=20, clf__estimator__n_estimators=200, tfidf__max_features=500, tfidf__min_df=3; total time=  29.9s
[CV] END clf__estimator__max_depth=20, clf__estimator__n_estimators=200, tfidf__max_features=1000, tfidf__min_df=3; total time=  27.6s
[CV] END clf__estimator__max_depth=20, clf__estimator__n_estimators=200, tfidf__max_features=2000, tfidf__min_df=3; total time=  26.0s
[CV] END clf__estimator__max_depth=20, clf__estimator__n_estimators=200, tfidf__max_features=3000, tfidf__min_df=3; total time=  26.6s
[CV] END clf__estimator__max_depth=20, clf__estimator__n_estimators=300, tfidf__max_features=500, tfidf__min_df=5; total time=  41.9s
[CV] END clf__estimator__max_depth=20, clf__estimator__n_estimators=300, tfidf__max_features=1000, tfidf__min_df=5; total time=  39.4s
[CV] END clf__estimator__max_depth=20, clf__estimator__n_estimators=300, tfidf__max_features=2000, tfidf__min_df=5; total time=  37.8s
[CV] END clf__estimator__max_depth=20, clf__estimator__n_estimators=300, tfidf__max_features=3000, tfidf__min_df=5; total time=  38.5s
[CV] END clf__estimator__max_depth=20, clf__estimator__n_estimators=400, tfidf__max_features=500, tfidf__min_df=5; total time=  56.0s
[CV] END clf__estimator__max_depth=20, clf__estimator__n_estimators=400, tfidf__max_features=2000, tfidf__min_df=1; total time=  50.2s
[CV] END clf__estimator__max_depth=20, clf__estimator__n_estimators=400, tfidf__max_features=2000, tfidf__min_df=5; total time=  49.6s
[CV] END clf__estimator__max_depth=20, clf__estimator__n_estimators=400, tfidf__max_features=3000, tfidf__min_df=5; total time=  50.7s
[CV] END clf__estimator__max_depth=None, clf__estimator__n_estimators=100, tfidf__max_features=500, tfidf__min_df=5; total time= 1.0min
[CV] END clf__estimator__max_depth=None, clf__estimator__n_estimators=100, tfidf__max_features=2000, tfidf__min_df=1; total time= 1.1min
[CV] END clf__estimator__max_depth=None, clf__estimator__n_estimators=100, tfidf__max_features=3000, tfidf__min_df=1; total time= 1.2min
[CV] END clf__estimator__max_depth=None, clf__estimator__n_estimators=200, tfidf__max_features=500, tfidf__min_df=1; total time= 1.9min
[CV] END clf__estimator__max_depth=10, clf__estimator__n_estimators=100, tfidf__max_features=500, tfidf__min_df=3; total time=  11.7s
[CV] END clf__estimator__max_depth=10, clf__estimator__n_estimators=100, tfidf__max_features=1000, tfidf__min_df=1; total time=   8.1s
[CV] END clf__estimator__max_depth=10, clf__estimator__n_estimators=100, tfidf__max_features=2000, tfidf__min_df=1; total time=   8.2s
[CV] END clf__estimator__max_depth=10, clf__estimator__n_estimators=100, tfidf__max_features=3000, tfidf__min_df=1; total time=   8.3s
[CV] END clf__estimator__max_depth=10, clf__estimator__n_estimators=200, tfidf__max_features=500, tfidf__min_df=3; total time=  18.5s
[CV] END clf__estimator__max_depth=10, clf__estimator__n_estimators=200, tfidf__max_features=1000, tfidf__min_df=3; total time=  16.1s
[CV] END clf__estimator__max_depth=10, clf__estimator__n_estimators=200, tfidf__max_features=2000, tfidf__min_df=3; total time=  16.2s
[CV] END clf__estimator__max_depth=10, clf__estimator__n_estimators=200, tfidf__max_features=3000, tfidf__min_df=3; total time=  15.8s
[CV] END clf__estimator__max_depth=10, clf__estimator__n_estimators=300, tfidf__max_features=500, tfidf__min_df=5; total time=  25.2s
[CV] END clf__estimator__max_depth=10, clf__estimator__n_estimators=300, tfidf__max_features=2000, tfidf__min_df=1; total time=  23.0s
[CV] END clf__estimator__max_depth=10, clf__estimator__n_estimators=300, tfidf__max_features=2000, tfidf__min_df=5; total time=  22.9s
[CV] END clf__estimator__max_depth=10, clf__estimator__n_estimators=400, tfidf__max_features=500, tfidf__min_df=1; total time=  32.8s
[CV] END clf__estimator__max_depth=10, clf__estimator__n_estimators=400, tfidf__max_features=1000, tfidf__min_df=1; total time=  31.8s
[CV] END clf__estimator__max_depth=10, clf__estimator__n_estimators=400, tfidf__max_features=2000, tfidf__min_df=3; total time=  31.0s
[CV] END clf__estimator__max_depth=10, clf__estimator__n_estimators=400, tfidf__max_features=3000, tfidf__min_df=3; total time=  30.0s
[CV] END clf__estimator__max_depth=20, clf__estimator__n_estimators=100, tfidf__max_features=500, tfidf__min_df=3; total time=  16.2s
[CV] END clf__estimator__max_depth=20, clf__estimator__n_estimators=100, tfidf__max_features=1000, tfidf__min_df=3; total time=  14.2s
[CV] END clf__estimator__max_depth=20, clf__estimator__n_estimators=100, tfidf__max_features=2000, tfidf__min_df=3; total time=  14.6s
[CV] END clf__estimator__max_depth=20, clf__estimator__n_estimators=100, tfidf__max_features=3000, tfidf__min_df=5; total time=  14.0s
[CV] END clf__estimator__max_depth=20, clf__estimator__n_estimators=200, tfidf__max_features=500, tfidf__min_df=5; total time=  30.1s
[CV] END clf__estimator__max_depth=20, clf__estimator__n_estimators=200, tfidf__max_features=1000, tfidf__min_df=5; total time=  27.0s
[CV] END clf__estimator__max_depth=20, clf__estimator__n_estimators=200, tfidf__max_features=2000, tfidf__min_df=5; total time=  25.9s
[CV] END clf__estimator__max_depth=20, clf__estimator__n_estimators=200, tfidf__max_features=3000, tfidf__min_df=5; total time=  25.9s
[CV] END clf__estimator__max_depth=20, clf__estimator__n_estimators=300, tfidf__max_features=500, tfidf__min_df=5; total time=  43.1s
[CV] END clf__estimator__max_depth=20, clf__estimator__n_estimators=300, tfidf__max_features=2000, tfidf__min_df=1; total time=  38.2s
[CV] END clf__estimator__max_depth=20, clf__estimator__n_estimators=300, tfidf__max_features=3000, tfidf__min_df=1; total time=  37.5s
[CV] END clf__estimator__max_depth=20, clf__estimator__n_estimators=300, tfidf__max_features=3000, tfidf__min_df=5; total time=  38.0s
[CV] END clf__estimator__max_depth=20, clf__estimator__n_estimators=400, tfidf__max_features=1000, tfidf__min_df=1; total time=  52.2s
[CV] END clf__estimator__max_depth=20, clf__estimator__n_estimators=400, tfidf__max_features=1000, tfidf__min_df=5; total time=  53.5s
[CV] END clf__estimator__max_depth=20, clf__estimator__n_estimators=400, tfidf__max_features=3000, tfidf__min_df=1; total time=  49.6s
[CV] END clf__estimator__max_depth=20, clf__estimator__n_estimators=400, tfidf__max_features=3000, tfidf__min_df=5; total time=  51.1s
[CV] END clf__estimator__max_depth=None, clf__estimator__n_estimators=100, tfidf__max_features=1000, tfidf__min_df=1; total time= 1.1min
[CV] END clf__estimator__max_depth=None, clf__estimator__n_estimators=100, tfidf__max_features=2000, tfidf__min_df=1; total time= 1.1min
[CV] END clf__estimator__max_depth=None, clf__estimator__n_estimators=100, tfidf__max_features=3000, tfidf__min_df=1; total time= 1.2min
[CV] END clf__estimator__max_depth=None, clf__estimator__n_estimators=200, tfidf__max_features=500, tfidf__min_df=1; total time= 2.0min
[CV] END clf__estimator__max_depth=10, clf__estimator__n_estimators=100, tfidf__max_features=500, tfidf__min_df=3; total time=  12.3s
[CV] END clf__estimator__max_depth=10, clf__estimator__n_estimators=100, tfidf__max_features=1000, tfidf__min_df=5; total time=   8.4s
[CV] END clf__estimator__max_depth=10, clf__estimator__n_estimators=100, tfidf__max_features=3000, tfidf__min_df=1; total time=   8.2s
[CV] END clf__estimator__max_depth=10, clf__estimator__n_estimators=200, tfidf__max_features=500, tfidf__min_df=1; total time=  17.7s
[CV] END clf__estimator__max_depth=10, clf__estimator__n_estimators=200, tfidf__max_features=1000, tfidf__min_df=1; total time=  16.4s
[CV] END clf__estimator__max_depth=10, clf__estimator__n_estimators=200, tfidf__max_features=2000, tfidf__min_df=1; total time=  16.1s
[CV] END clf__estimator__max_depth=10, clf__estimator__n_estimators=200, tfidf__max_features=3000, tfidf__min_df=1; total time=  15.3s
[CV] END clf__estimator__max_depth=10, clf__estimator__n_estimators=300, tfidf__max_features=500, tfidf__min_df=1; total time=  24.4s
[CV] END clf__estimator__max_depth=10, clf__estimator__n_estimators=300, tfidf__max_features=1000, tfidf__min_df=3; total time=  23.6s
[CV] END clf__estimator__max_depth=10, clf__estimator__n_estimators=300, tfidf__max_features=2000, tfidf__min_df=3; total time=  22.3s
[CV] END clf__estimator__max_depth=10, clf__estimator__n_estimators=300, tfidf__max_features=3000, tfidf__min_df=3; total time=  21.9s
[CV] END clf__estimator__max_depth=10, clf__estimator__n_estimators=400, tfidf__max_features=500, tfidf__min_df=3; total time=  31.6s
[CV] END clf__estimator__max_depth=10, clf__estimator__n_estimators=400, tfidf__max_features=1000, tfidf__min_df=3; total time=  32.8s
[CV] END clf__estimator__max_depth=10, clf__estimator__n_estimators=400, tfidf__max_features=2000, tfidf__min_df=5; total time=  30.7s
[CV] END clf__estimator__max_depth=10, clf__estimator__n_estimators=400, tfidf__max_features=3000, tfidf__min_df=5; total time=  29.0s
[CV] END clf__estimator__max_depth=20, clf__estimator__n_estimators=100, tfidf__max_features=1000, tfidf__min_df=1; total time=  15.4s
[CV] END clf__estimator__max_depth=20, clf__estimator__n_estimators=100, tfidf__max_features=2000, tfidf__min_df=1; total time=  14.4s
[CV] END clf__estimator__max_depth=20, clf__estimator__n_estimators=100, tfidf__max_features=3000, tfidf__min_df=1; total time=  14.0s
[CV] END clf__estimator__max_depth=20, clf__estimator__n_estimators=200, tfidf__max_features=500, tfidf__min_df=3; total time=  29.5s
[CV] END clf__estimator__max_depth=20, clf__estimator__n_estimators=200, tfidf__max_features=1000, tfidf__min_df=3; total time=  27.3s
[CV] END clf__estimator__max_depth=20, clf__estimator__n_estimators=200, tfidf__max_features=2000, tfidf__min_df=3; total time=  26.5s
[CV] END clf__estimator__max_depth=20, clf__estimator__n_estimators=200, tfidf__max_features=3000, tfidf__min_df=3; total time=  26.0s
[CV] END clf__estimator__max_depth=20, clf__estimator__n_estimators=300, tfidf__max_features=500, tfidf__min_df=3; total time=  42.8s
[CV] END clf__estimator__max_depth=20, clf__estimator__n_estimators=300, tfidf__max_features=1000, tfidf__min_df=3; total time=  40.0s
[CV] END clf__estimator__max_depth=20, clf__estimator__n_estimators=300, tfidf__max_features=2000, tfidf__min_df=5; total time=  37.3s
[CV] END clf__estimator__max_depth=20, clf__estimator__n_estimators=300, tfidf__max_features=3000, tfidf__min_df=5; total time=  39.2s
[CV] END clf__estimator__max_depth=20, clf__estimator__n_estimators=400, tfidf__max_features=500, tfidf__min_df=5; total time=  54.3s
[CV] END clf__estimator__max_depth=20, clf__estimator__n_estimators=400, tfidf__max_features=1000, tfidf__min_df=5; total time=  52.6s
[CV] END clf__estimator__max_depth=20, clf__estimator__n_estimators=400, tfidf__max_features=3000, tfidf__min_df=1; total time=  50.6s
[CV] END clf__estimator__max_depth=None, clf__estimator__n_estimators=100, tfidf__max_features=500, tfidf__min_df=1; total time= 1.0min
[CV] END clf__estimator__max_depth=None, clf__estimator__n_estimators=100, tfidf__max_features=1000, tfidf__min_df=1; total time= 1.1min
[CV] END clf__estimator__max_depth=None, clf__estimator__n_estimators=100, tfidf__max_features=2000, tfidf__min_df=1; total time= 1.2min
[CV] END clf__estimator__max_depth=None, clf__estimator__n_estimators=100, tfidf__max_features=3000, tfidf__min_df=1; total time= 1.2min
[CV] END clf__estimator__max_depth=None, clf__estimator__n_estimators=200, tfidf__max_features=500, tfidf__min_df=3; total time= 2.0min
[CV] END clf__estimator__max_depth=10, clf__estimator__n_estimators=100, tfidf__max_features=500, tfidf__min_df=1; total time=  11.9s
[CV] END clf__estimator__max_depth=10, clf__estimator__n_estimators=100, tfidf__max_features=1000, tfidf__min_df=3; total time=   8.6s
[CV] END clf__estimator__max_depth=10, clf__estimator__n_estimators=100, tfidf__max_features=2000, tfidf__min_df=5; total time=   8.1s
[CV] END clf__estimator__max_depth=10, clf__estimator__n_estimators=100, tfidf__max_features=3000, tfidf__min_df=3; total time=   8.4s
[CV] END clf__estimator__max_depth=10, clf__estimator__n_estimators=200, tfidf__max_features=500, tfidf__min_df=5; total time=  18.4s
[CV] END clf__estimator__max_depth=10, clf__estimator__n_estimators=200, tfidf__max_features=1000, tfidf__min_df=5; total time=  16.3s
[CV] END clf__estimator__max_depth=10, clf__estimator__n_estimators=200, tfidf__max_features=2000, tfidf__min_df=5; total time=  16.4s
[CV] END clf__estimator__max_depth=10, clf__estimator__n_estimators=300, tfidf__max_features=500, tfidf__min_df=1; total time=  24.4s
[CV] END clf__estimator__max_depth=10, clf__estimator__n_estimators=300, tfidf__max_features=1000, tfidf__min_df=1; total time=  24.1s
[CV] END clf__estimator__max_depth=10, clf__estimator__n_estimators=300, tfidf__max_features=2000, tfidf__min_df=1; total time=  23.7s
[CV] END clf__estimator__max_depth=10, clf__estimator__n_estimators=300, tfidf__max_features=3000, tfidf__min_df=3; total time=  21.8s
[CV] END clf__estimator__max_depth=10, clf__estimator__n_estimators=400, tfidf__max_features=500, tfidf__min_df=1; total time=  32.2s
[CV] END clf__estimator__max_depth=10, clf__estimator__n_estimators=400, tfidf__max_features=1000, tfidf__min_df=3; total time=  31.9s
[CV] END clf__estimator__max_depth=10, clf__estimator__n_estimators=400, tfidf__max_features=2000, tfidf__min_df=3; total time=  31.7s
[CV] END clf__estimator__max_depth=10, clf__estimator__n_estimators=400, tfidf__max_features=3000, tfidf__min_df=3; total time=  29.9s
[CV] END clf__estimator__max_depth=20, clf__estimator__n_estimators=100, tfidf__max_features=500, tfidf__min_df=5; total time=  15.8s
[CV] END clf__estimator__max_depth=20, clf__estimator__n_estimators=100, tfidf__max_features=2000, tfidf__min_df=1; total time=  14.7s
[CV] END clf__estimator__max_depth=20, clf__estimator__n_estimators=100, tfidf__max_features=3000, tfidf__min_df=1; total time=  14.2s
[CV] END clf__estimator__max_depth=20, clf__estimator__n_estimators=200, tfidf__max_features=500, tfidf__min_df=1; total time=  30.1s
[CV] END clf__estimator__max_depth=20, clf__estimator__n_estimators=200, tfidf__max_features=1000, tfidf__min_df=1; total time=  28.2s
[CV] END clf__estimator__max_depth=20, clf__estimator__n_estimators=200, tfidf__max_features=2000, tfidf__min_df=3; total time=  25.9s
[CV] END clf__estimator__max_depth=20, clf__estimator__n_estimators=200, tfidf__max_features=3000, tfidf__min_df=3; total time=  26.3s
[CV] END clf__estimator__max_depth=20, clf__estimator__n_estimators=300, tfidf__max_features=500, tfidf__min_df=3; total time=  42.8s
[CV] END clf__estimator__max_depth=20, clf__estimator__n_estimators=300, tfidf__max_features=1000, tfidf__min_df=3; total time=  40.0s
[CV] END clf__estimator__max_depth=20, clf__estimator__n_estimators=300, tfidf__max_features=2000, tfidf__min_df=3; total time=  39.7s
[CV] END clf__estimator__max_depth=20, clf__estimator__n_estimators=300, tfidf__max_features=3000, tfidf__min_df=5; total time=  38.1s
[CV] END clf__estimator__max_depth=20, clf__estimator__n_estimators=400, tfidf__max_features=500, tfidf__min_df=5; total time=  54.9s
[CV] END clf__estimator__max_depth=20, clf__estimator__n_estimators=400, tfidf__max_features=1000, tfidf__min_df=5; total time=  53.3s
[CV] END clf__estimator__max_depth=20, clf__estimator__n_estimators=400, tfidf__max_features=3000, tfidf__min_df=1; total time=  48.9s
[CV] END clf__estimator__max_depth=None, clf__estimator__n_estimators=100, tfidf__max_features=500, tfidf__min_df=1; total time= 1.0min
[CV] END clf__estimator__max_depth=None, clf__estimator__n_estimators=100, tfidf__max_features=1000, tfidf__min_df=1; total time= 1.1min
[CV] END clf__estimator__max_depth=None, clf__estimator__n_estimators=100, tfidf__max_features=2000, tfidf__min_df=1; total time= 1.1min
[CV] END clf__estimator__max_depth=None, clf__estimator__n_estimators=100, tfidf__max_features=3000, tfidf__min_df=1; total time= 1.2min
[CV] END clf__estimator__max_depth=None, clf__estimator__n_estimators=200, tfidf__max_features=500, tfidf__min_df=1; total time= 2.0min
[CV] END clf__estimator__max_depth=10, clf__estimator__n_estimators=100, tfidf__max_features=500, tfidf__min_df=5; total time=  12.2s
[CV] END clf__estimator__max_depth=10, clf__estimator__n_estimators=100, tfidf__max_features=1000, tfidf__min_df=5; total time=   8.4s
[CV] END clf__estimator__max_depth=10, clf__estimator__n_estimators=100, tfidf__max_features=2000, tfidf__min_df=5; total time=   8.3s
[CV] END clf__estimator__max_depth=10, clf__estimator__n_estimators=200, tfidf__max_features=500, tfidf__min_df=1; total time=  17.5s
[CV] END clf__estimator__max_depth=10, clf__estimator__n_estimators=200, tfidf__max_features=1000, tfidf__min_df=1; total time=  16.7s
[CV] END clf__estimator__max_depth=10, clf__estimator__n_estimators=200, tfidf__max_features=2000, tfidf__min_df=3; total time=  15.9s
[CV] END clf__estimator__max_depth=10, clf__estimator__n_estimators=200, tfidf__max_features=3000, tfidf__min_df=3; total time=  16.0s
[CV] END clf__estimator__max_depth=10, clf__estimator__n_estimators=300, tfidf__max_features=500, tfidf__min_df=3; total time=  24.6s
[CV] END clf__estimator__max_depth=10, clf__estimator__n_estimators=300, tfidf__max_features=1000, tfidf__min_df=3; total time=  24.1s
[CV] END clf__estimator__max_depth=10, clf__estimator__n_estimators=300, tfidf__max_features=2000, tfidf__min_df=3; total time=  23.3s
[CV] END clf__estimator__max_depth=10, clf__estimator__n_estimators=300, tfidf__max_features=3000, tfidf__min_df=5; total time=  21.5s
[CV] END clf__estimator__max_depth=10, clf__estimator__n_estimators=400, tfidf__max_features=500, tfidf__min_df=5; total time=  32.1s
[CV] END clf__estimator__max_depth=10, clf__estimator__n_estimators=400, tfidf__max_features=1000, tfidf__min_df=5; total time=  32.2s
[CV] END clf__estimator__max_depth=10, clf__estimator__n_estimators=400, tfidf__max_features=2000, tfidf__min_df=5; total time=  30.3s
[CV] END clf__estimator__max_depth=10, clf__estimator__n_estimators=400, tfidf__max_features=3000, tfidf__min_df=5; total time=  29.6s
[CV] END clf__estimator__max_depth=20, clf__estimator__n_estimators=100, tfidf__max_features=1000, tfidf__min_df=3; total time=  14.3s
[CV] END clf__estimator__max_depth=20, clf__estimator__n_estimators=100, tfidf__max_features=2000, tfidf__min_df=3; total time=  14.4s
[CV] END clf__estimator__max_depth=20, clf__estimator__n_estimators=100, tfidf__max_features=3000, tfidf__min_df=3; total time=  14.3s
[CV] END clf__estimator__max_depth=20, clf__estimator__n_estimators=200, tfidf__max_features=500, tfidf__min_df=3; total time=  30.1s
[CV] END clf__estimator__max_depth=20, clf__estimator__n_estimators=200, tfidf__max_features=1000, tfidf__min_df=3; total time=  27.4s
[CV] END clf__estimator__max_depth=20, clf__estimator__n_estimators=200, tfidf__max_features=2000, tfidf__min_df=3; total time=  26.6s
[CV] END clf__estimator__max_depth=20, clf__estimator__n_estimators=200, tfidf__max_features=3000, tfidf__min_df=5; total time=  25.9s
[CV] END clf__estimator__max_depth=20, clf__estimator__n_estimators=300, tfidf__max_features=500, tfidf__min_df=5; total time=  42.2s
[CV] END clf__estimator__max_depth=20, clf__estimator__n_estimators=300, tfidf__max_features=1000, tfidf__min_df=5; total time=  39.8s
[CV] END clf__estimator__max_depth=20, clf__estimator__n_estimators=300, tfidf__max_features=2000, tfidf__min_df=5; total time=  37.3s
[CV] END clf__estimator__max_depth=20, clf__estimator__n_estimators=300, tfidf__max_features=3000, tfidf__min_df=5; total time=  37.9s
[CV] END clf__estimator__max_depth=20, clf__estimator__n_estimators=400, tfidf__max_features=500, tfidf__min_df=5; total time=  56.2s
[CV] END clf__estimator__max_depth=20, clf__estimator__n_estimators=400, tfidf__max_features=2000, tfidf__min_df=1; total time=  50.5s
[CV] END clf__estimator__max_depth=20, clf__estimator__n_estimators=400, tfidf__max_features=2000, tfidf__min_df=5; total time=  50.4s
[CV] END clf__estimator__max_depth=None, clf__estimator__n_estimators=100, tfidf__max_features=500, tfidf__min_df=1; total time= 1.0min
[CV] END clf__estimator__max_depth=None, clf__estimator__n_estimators=100, tfidf__max_features=1000, tfidf__min_df=1; total time= 1.1min
[CV] END clf__estimator__max_depth=None, clf__estimator__n_estimators=100, tfidf__max_features=2000, tfidf__min_df=1; total time= 1.2min
[CV] END clf__estimator__max_depth=None, clf__estimator__n_estimators=100, tfidf__max_features=3000, tfidf__min_df=3; total time= 1.2min
[CV] END clf__estimator__max_depth=None, clf__estimator__n_estimators=200, tfidf__max_features=500, tfidf__min_df=3; total time= 2.0min
[CV] END clf__estimator__max_depth=10, clf__estimator__n_estimators=100, tfidf__max_features=500, tfidf__min_df=5; total time=  11.9s
[CV] END clf__estimator__max_depth=10, clf__estimator__n_estimators=100, tfidf__max_features=1000, tfidf__min_df=3; total time=   8.4s
[CV] END clf__estimator__max_depth=10, clf__estimator__n_estimators=100, tfidf__max_features=2000, tfidf__min_df=3; total time=   8.0s
[CV] END clf__estimator__max_depth=10, clf__estimator__n_estimators=100, tfidf__max_features=3000, tfidf__min_df=3; total time=   8.5s
[CV] END clf__estimator__max_depth=10, clf__estimator__n_estimators=200, tfidf__max_features=500, tfidf__min_df=3; total time=  19.3s
[CV] END clf__estimator__max_depth=10, clf__estimator__n_estimators=200, tfidf__max_features=2000, tfidf__min_df=1; total time=  16.1s
[CV] END clf__estimator__max_depth=10, clf__estimator__n_estimators=200, tfidf__max_features=3000, tfidf__min_df=1; total time=  15.7s
[CV] END clf__estimator__max_depth=10, clf__estimator__n_estimators=300, tfidf__max_features=500, tfidf__min_df=1; total time=  25.1s
[CV] END clf__estimator__max_depth=10, clf__estimator__n_estimators=300, tfidf__max_features=1000, tfidf__min_df=1; total time=  25.5s
[CV] END clf__estimator__max_depth=10, clf__estimator__n_estimators=300, tfidf__max_features=2000, tfidf__min_df=3; total time=  23.3s
[CV] END clf__estimator__max_depth=10, clf__estimator__n_estimators=300, tfidf__max_features=3000, tfidf__min_df=3; total time=  22.6s
[CV] END clf__estimator__max_depth=10, clf__estimator__n_estimators=400, tfidf__max_features=500, tfidf__min_df=3; total time=  31.6s
[CV] END clf__estimator__max_depth=10, clf__estimator__n_estimators=400, tfidf__max_features=1000, tfidf__min_df=3; total time=  32.3s
[CV] END clf__estimator__max_depth=10, clf__estimator__n_estimators=400, tfidf__max_features=2000, tfidf__min_df=3; total time=  31.3s
[CV] END clf__estimator__max_depth=10, clf__estimator__n_estimators=400, tfidf__max_features=3000, tfidf__min_df=5; total time=  29.1s
[CV] END clf__estimator__max_depth=20, clf__estimator__n_estimators=100, tfidf__max_features=1000, tfidf__min_df=1; total time=  14.6s
[CV] END clf__estimator__max_depth=20, clf__estimator__n_estimators=100, tfidf__max_features=2000, tfidf__min_df=1; total time=  13.9s
[CV] END clf__estimator__max_depth=20, clf__estimator__n_estimators=100, tfidf__max_features=3000, tfidf__min_df=1; total time=  15.1s
[CV] END clf__estimator__max_depth=20, clf__estimator__n_estimators=200, tfidf__max_features=500, tfidf__min_df=1; total time=  29.4s
[CV] END clf__estimator__max_depth=20, clf__estimator__n_estimators=200, tfidf__max_features=1000, tfidf__min_df=1; total time=  27.3s
[CV] END clf__estimator__max_depth=20, clf__estimator__n_estimators=200, tfidf__max_features=2000, tfidf__min_df=1; total time=  26.4s
[CV] END clf__estimator__max_depth=20, clf__estimator__n_estimators=200, tfidf__max_features=3000, tfidf__min_df=1; total time=  26.4s
[CV] END clf__estimator__max_depth=20, clf__estimator__n_estimators=300, tfidf__max_features=500, tfidf__min_df=3; total time=  42.0s
[CV] END clf__estimator__max_depth=20, clf__estimator__n_estimators=300, tfidf__max_features=1000, tfidf__min_df=3; total time=  40.4s
[CV] END clf__estimator__max_depth=20, clf__estimator__n_estimators=300, tfidf__max_features=2000, tfidf__min_df=3; total time=  38.3s
[CV] END clf__estimator__max_depth=20, clf__estimator__n_estimators=300, tfidf__max_features=3000, tfidf__min_df=3; total time=  37.9s
[CV] END clf__estimator__max_depth=20, clf__estimator__n_estimators=400, tfidf__max_features=500, tfidf__min_df=3; total time=  56.5s
[CV] END clf__estimator__max_depth=20, clf__estimator__n_estimators=400, tfidf__max_features=1000, tfidf__min_df=5; total time=  52.2s
[CV] END clf__estimator__max_depth=20, clf__estimator__n_estimators=400, tfidf__max_features=2000, tfidf__min_df=5; total time=  51.2s
[CV] END clf__estimator__max_depth=None, clf__estimator__n_estimators=100, tfidf__max_features=500, tfidf__min_df=1; total time= 1.0min
[CV] END clf__estimator__max_depth=None, clf__estimator__n_estimators=100, tfidf__max_features=1000, tfidf__min_df=1; total time= 1.1min
[CV] END clf__estimator__max_depth=None, clf__estimator__n_estimators=100, tfidf__max_features=2000, tfidf__min_df=3; total time= 1.1min
[CV] END clf__estimator__max_depth=None, clf__estimator__n_estimators=100, tfidf__max_features=3000, tfidf__min_df=3; total time= 1.2min
[CV] END clf__estimator__max_depth=None, clf__estimator__n_estimators=200, tfidf__max_features=500, tfidf__min_df=3; total time= 2.0min
[CV] END clf__estimator__max_depth=10, clf__estimator__n_estimators=100, tfidf__max_features=1000, tfidf__min_df=1; total time=  11.6s
[CV] END clf__estimator__max_depth=10, clf__estimator__n_estimators=100, tfidf__max_features=1000, tfidf__min_df=1; total time=   8.3s
[CV] END clf__estimator__max_depth=10, clf__estimator__n_estimators=100, tfidf__max_features=2000, tfidf__min_df=1; total time=   8.5s
[CV] END clf__estimator__max_depth=10, clf__estimator__n_estimators=100, tfidf__max_features=3000, tfidf__min_df=3; total time=   8.2s
[CV] END clf__estimator__max_depth=10, clf__estimator__n_estimators=200, tfidf__max_features=500, tfidf__min_df=3; total time=  18.9s
[CV] END clf__estimator__max_depth=10, clf__estimator__n_estimators=200, tfidf__max_features=1000, tfidf__min_df=5; total time=  16.1s
[CV] END clf__estimator__max_depth=10, clf__estimator__n_estimators=200, tfidf__max_features=3000, tfidf__min_df=1; total time=  16.1s
[CV] END clf__estimator__max_depth=10, clf__estimator__n_estimators=200, tfidf__max_features=3000, tfidf__min_df=5; total time=  15.4s
[CV] END clf__estimator__max_depth=10, clf__estimator__n_estimators=300, tfidf__max_features=500, tfidf__min_df=5; total time=  25.2s
[CV] END clf__estimator__max_depth=10, clf__estimator__n_estimators=300, tfidf__max_features=2000, tfidf__min_df=1; total time=  23.4s
[CV] END clf__estimator__max_depth=10, clf__estimator__n_estimators=300, tfidf__max_features=3000, tfidf__min_df=1; total time=  22.2s
[CV] END clf__estimator__max_depth=10, clf__estimator__n_estimators=400, tfidf__max_features=500, tfidf__min_df=1; total time=  31.7s
[CV] END clf__estimator__max_depth=10, clf__estimator__n_estimators=400, tfidf__max_features=1000, tfidf__min_df=1; total time=  30.7s
[CV] END clf__estimator__max_depth=10, clf__estimator__n_estimators=400, tfidf__max_features=2000, tfidf__min_df=1; total time=  31.5s
[CV] END clf__estimator__max_depth=10, clf__estimator__n_estimators=400, tfidf__max_features=3000, tfidf__min_df=1; total time=  29.3s
[CV] END clf__estimator__max_depth=20, clf__estimator__n_estimators=100, tfidf__max_features=500, tfidf__min_df=3; total time=  16.3s
[CV] END clf__estimator__max_depth=20, clf__estimator__n_estimators=100, tfidf__max_features=1000, tfidf__min_df=3; total time=  14.3s
[CV] END clf__estimator__max_depth=20, clf__estimator__n_estimators=100, tfidf__max_features=2000, tfidf__min_df=3; total time=  14.4s
[CV] END clf__estimator__max_depth=20, clf__estimator__n_estimators=100, tfidf__max_features=3000, tfidf__min_df=3; total time=  14.3s
[CV] END clf__estimator__max_depth=20, clf__estimator__n_estimators=200, tfidf__max_features=500, tfidf__min_df=3; total time=  30.1s
[CV] END clf__estimator__max_depth=20, clf__estimator__n_estimators=200, tfidf__max_features=1000, tfidf__min_df=5; total time=  27.3s
[CV] END clf__estimator__max_depth=20, clf__estimator__n_estimators=200, tfidf__max_features=2000, tfidf__min_df=5; total time=  27.5s
[CV] END clf__estimator__max_depth=20, clf__estimator__n_estimators=200, tfidf__max_features=3000, tfidf__min_df=5; total time=  26.4s
[CV] END clf__estimator__max_depth=20, clf__estimator__n_estimators=300, tfidf__max_features=1000, tfidf__min_df=1; total time=  40.4s
[CV] END clf__estimator__max_depth=20, clf__estimator__n_estimators=300, tfidf__max_features=1000, tfidf__min_df=5; total time=  40.3s
[CV] END clf__estimator__max_depth=20, clf__estimator__n_estimators=300, tfidf__max_features=3000, tfidf__min_df=1; total time=  38.6s
[CV] END clf__estimator__max_depth=20, clf__estimator__n_estimators=400, tfidf__max_features=500, tfidf__min_df=1; total time=  55.6s
[CV] END clf__estimator__max_depth=20, clf__estimator__n_estimators=400, tfidf__max_features=1000, tfidf__min_df=1; total time=  52.2s
[CV] END clf__estimator__max_depth=20, clf__estimator__n_estimators=400, tfidf__max_features=2000, tfidf__min_df=1; total time=  50.5s
[CV] END clf__estimator__max_depth=20, clf__estimator__n_estimators=400, tfidf__max_features=3000, tfidf__min_df=3; total time=  50.0s
[CV] END clf__estimator__max_depth=None, clf__estimator__n_estimators=100, tfidf__max_features=500, tfidf__min_df=3; total time= 1.0min
[CV] END clf__estimator__max_depth=None, clf__estimator__n_estimators=100, tfidf__max_features=1000, tfidf__min_df=3; total time= 1.1min
[CV] END clf__estimator__max_depth=None, clf__estimator__n_estimators=100, tfidf__max_features=2000, tfidf__min_df=3; total time= 1.1min
[CV] END clf__estimator__max_depth=None, clf__estimator__n_estimators=100, tfidf__max_features=3000, tfidf__min_df=3; total time= 1.2min
[CV] END clf__estimator__max_depth=None, clf__estimator__n_estimators=200, tfidf__max_features=500, tfidf__min_df=3; total time= 2.0min
[CV] END clf__estimator__max_depth=10, clf__estimator__n_estimators=100, tfidf__max_features=500, tfidf__min_df=1; total time=  11.5s
[CV] END clf__estimator__max_depth=10, clf__estimator__n_estimators=100, tfidf__max_features=1000, tfidf__min_df=1; total time=   8.4s
[CV] END clf__estimator__max_depth=10, clf__estimator__n_estimators=100, tfidf__max_features=2000, tfidf__min_df=1; total time=   8.2s
[CV] END clf__estimator__max_depth=10, clf__estimator__n_estimators=100, tfidf__max_features=3000, tfidf__min_df=1; total time=   8.2s
[CV] END clf__estimator__max_depth=10, clf__estimator__n_estimators=200, tfidf__max_features=500, tfidf__min_df=1; total time=  17.7s
[CV] END clf__estimator__max_depth=10, clf__estimator__n_estimators=200, tfidf__max_features=1000, tfidf__min_df=3; total time=  16.4s
[CV] END clf__estimator__max_depth=10, clf__estimator__n_estimators=200, tfidf__max_features=2000, tfidf__min_df=3; total time=  16.1s
[CV] END clf__estimator__max_depth=10, clf__estimator__n_estimators=200, tfidf__max_features=3000, tfidf__min_df=3; total time=  15.3s
[CV] END clf__estimator__max_depth=10, clf__estimator__n_estimators=300, tfidf__max_features=500, tfidf__min_df=3; total time=  24.6s
[CV] END clf__estimator__max_depth=10, clf__estimator__n_estimators=300, tfidf__max_features=1000, tfidf__min_df=5; total time=  24.7s
[CV] END clf__estimator__max_depth=10, clf__estimator__n_estimators=300, tfidf__max_features=2000, tfidf__min_df=5; total time=  22.9s
[CV] END clf__estimator__max_depth=10, clf__estimator__n_estimators=400, tfidf__max_features=500, tfidf__min_df=1; total time=  31.5s
[CV] END clf__estimator__max_depth=10, clf__estimator__n_estimators=400, tfidf__max_features=1000, tfidf__min_df=1; total time=  30.5s
[CV] END clf__estimator__max_depth=10, clf__estimator__n_estimators=400, tfidf__max_features=2000, tfidf__min_df=1; total time=  30.2s
[CV] END clf__estimator__max_depth=10, clf__estimator__n_estimators=400, tfidf__max_features=3000, tfidf__min_df=1; total time=  28.9s
[CV] END clf__estimator__max_depth=20, clf__estimator__n_estimators=100, tfidf__max_features=500, tfidf__min_df=1; total time=  16.6s
[CV] END clf__estimator__max_depth=20, clf__estimator__n_estimators=100, tfidf__max_features=1000, tfidf__min_df=1; total time=  14.4s
[CV] END clf__estimator__max_depth=20, clf__estimator__n_estimators=100, tfidf__max_features=2000, tfidf__min_df=1; total time=  14.2s
[CV] END clf__estimator__max_depth=20, clf__estimator__n_estimators=100, tfidf__max_features=3000, tfidf__min_df=1; total time=  14.2s
[CV] END clf__estimator__max_depth=20, clf__estimator__n_estimators=200, tfidf__max_features=500, tfidf__min_df=1; total time=  30.0s
[CV] END clf__estimator__max_depth=20, clf__estimator__n_estimators=200, tfidf__max_features=1000, tfidf__min_df=3; total time=  27.8s
[CV] END clf__estimator__max_depth=20, clf__estimator__n_estimators=200, tfidf__max_features=2000, tfidf__min_df=3; total time=  26.2s
[CV] END clf__estimator__max_depth=20, clf__estimator__n_estimators=200, tfidf__max_features=3000, tfidf__min_df=3; total time=  26.6s
[CV] END clf__estimator__max_depth=20, clf__estimator__n_estimators=300, tfidf__max_features=500, tfidf__min_df=3; total time=  43.2s
[CV] END clf__estimator__max_depth=20, clf__estimator__n_estimators=300, tfidf__max_features=1000, tfidf__min_df=5; total time=  40.8s
[CV] END clf__estimator__max_depth=20, clf__estimator__n_estimators=300, tfidf__max_features=3000, tfidf__min_df=1; total time=  37.5s
[CV] END clf__estimator__max_depth=20, clf__estimator__n_estimators=400, tfidf__max_features=500, tfidf__min_df=1; total time=  55.5s
[CV] END clf__estimator__max_depth=20, clf__estimator__n_estimators=400, tfidf__max_features=1000, tfidf__min_df=1; total time=  52.5s
[CV] END clf__estimator__max_depth=20, clf__estimator__n_estimators=400, tfidf__max_features=2000, tfidf__min_df=1; total time=  49.7s
[CV] END clf__estimator__max_depth=20, clf__estimator__n_estimators=400, tfidf__max_features=3000, tfidf__min_df=1; total time=  49.2s
[CV] END clf__estimator__max_depth=None, clf__estimator__n_estimators=100, tfidf__max_features=500, tfidf__min_df=1; total time= 1.0min
[CV] END clf__estimator__max_depth=None, clf__estimator__n_estimators=100, tfidf__max_features=1000, tfidf__min_df=3; total time= 1.1min
[CV] END clf__estimator__max_depth=None, clf__estimator__n_estimators=100, tfidf__max_features=2000, tfidf__min_df=3; total time= 1.2min
[CV] END clf__estimator__max_depth=None, clf__estimator__n_estimators=100, tfidf__max_features=3000, tfidf__min_df=3; total time= 1.2min
[CV] END clf__estimator__max_depth=None, clf__estimator__n_estimators=200, tfidf__max_features=500, tfidf__min_df=5; total time= 2.0min
[CV] END clf__estimator__max_depth=10, clf__estimator__n_estimators=100, tfidf__max_features=500, tfidf__min_df=5; total time=  11.8s
[CV] END clf__estimator__max_depth=10, clf__estimator__n_estimators=100, tfidf__max_features=1000, tfidf__min_df=1; total time=   9.4s
[CV] END clf__estimator__max_depth=10, clf__estimator__n_estimators=100, tfidf__max_features=3000, tfidf__min_df=1; total time=   8.0s
[CV] END clf__estimator__max_depth=10, clf__estimator__n_estimators=200, tfidf__max_features=500, tfidf__min_df=1; total time=  17.5s
[CV] END clf__estimator__max_depth=10, clf__estimator__n_estimators=200, tfidf__max_features=1000, tfidf__min_df=1; total time=  16.4s
[CV] END clf__estimator__max_depth=10, clf__estimator__n_estimators=200, tfidf__max_features=2000, tfidf__min_df=1; total time=  15.8s
[CV] END clf__estimator__max_depth=10, clf__estimator__n_estimators=200, tfidf__max_features=3000, tfidf__min_df=1; total time=  15.6s
[CV] END clf__estimator__max_depth=10, clf__estimator__n_estimators=300, tfidf__max_features=500, tfidf__min_df=3; total time=  23.9s
[CV] END clf__estimator__max_depth=10, clf__estimator__n_estimators=300, tfidf__max_features=1000, tfidf__min_df=3; total time=  23.8s
[CV] END clf__estimator__max_depth=10, clf__estimator__n_estimators=300, tfidf__max_features=2000, tfidf__min_df=3; total time=  23.4s
[CV] END clf__estimator__max_depth=10, clf__estimator__n_estimators=300, tfidf__max_features=3000, tfidf__min_df=3; total time=  22.2s
[CV] END clf__estimator__max_depth=10, clf__estimator__n_estimators=400, tfidf__max_features=500, tfidf__min_df=5; total time=  31.6s
[CV] END clf__estimator__max_depth=10, clf__estimator__n_estimators=400, tfidf__max_features=1000, tfidf__min_df=5; total time=  32.6s
[CV] END clf__estimator__max_depth=10, clf__estimator__n_estimators=400, tfidf__max_features=2000, tfidf__min_df=5; total time=  31.0s
[CV] END clf__estimator__max_depth=10, clf__estimator__n_estimators=400, tfidf__max_features=3000, tfidf__min_df=5; total time=  29.5s
[CV] END clf__estimator__max_depth=20, clf__estimator__n_estimators=100, tfidf__max_features=1000, tfidf__min_df=1; total time=  15.0s
[CV] END clf__estimator__max_depth=20, clf__estimator__n_estimators=100, tfidf__max_features=2000, tfidf__min_df=3; total time=  15.1s
[CV] END clf__estimator__max_depth=20, clf__estimator__n_estimators=100, tfidf__max_features=3000, tfidf__min_df=3; total time=  13.9s
[CV] END clf__estimator__max_depth=20, clf__estimator__n_estimators=200, tfidf__max_features=500, tfidf__min_df=3; total time=  29.3s
[CV] END clf__estimator__max_depth=20, clf__estimator__n_estimators=200, tfidf__max_features=1000, tfidf__min_df=3; total time=  27.9s
[CV] END clf__estimator__max_depth=20, clf__estimator__n_estimators=200, tfidf__max_features=2000, tfidf__min_df=5; total time=  25.9s
[CV] END clf__estimator__max_depth=20, clf__estimator__n_estimators=200, tfidf__max_features=3000, tfidf__min_df=5; total time=  25.9s
[CV] END clf__estimator__max_depth=20, clf__estimator__n_estimators=300, tfidf__max_features=500, tfidf__min_df=5; total time=  43.2s
[CV] END clf__estimator__max_depth=20, clf__estimator__n_estimators=300, tfidf__max_features=2000, tfidf__min_df=1; total time=  38.3s
[CV] END clf__estimator__max_depth=20, clf__estimator__n_estimators=300, tfidf__max_features=2000, tfidf__min_df=5; total time=  39.1s
[CV] END clf__estimator__max_depth=20, clf__estimator__n_estimators=400, tfidf__max_features=500, tfidf__min_df=1; total time=  56.2s
[CV] END clf__estimator__max_depth=20, clf__estimator__n_estimators=400, tfidf__max_features=1000, tfidf__min_df=1; total time=  52.7s
[CV] END clf__estimator__max_depth=20, clf__estimator__n_estimators=400, tfidf__max_features=2000, tfidf__min_df=1; total time=  50.2s
[CV] END clf__estimator__max_depth=20, clf__estimator__n_estimators=400, tfidf__max_features=3000, tfidf__min_df=1; total time=  50.3s
[CV] END clf__estimator__max_depth=None, clf__estimator__n_estimators=100, tfidf__max_features=500, tfidf__min_df=3; total time= 1.0min
[CV] END clf__estimator__max_depth=None, clf__estimator__n_estimators=100, tfidf__max_features=1000, tfidf__min_df=3; total time= 1.1min
[CV] END clf__estimator__max_depth=None, clf__estimator__n_estimators=100, tfidf__max_features=2000, tfidf__min_df=3; total time= 1.1min
[CV] END clf__estimator__max_depth=None, clf__estimator__n_estimators=100, tfidf__max_features=3000, tfidf__min_df=3; total time= 1.2min
[CV] END clf__estimator__max_depth=None, clf__estimator__n_estimators=200, tfidf__max_features=500, tfidf__min_df=3; total time= 2.0min
[CV] END clf__estimator__max_depth=10, clf__estimator__n_estimators=100, tfidf__max_features=500, tfidf__min_df=1; total time=  12.3s
[CV] END clf__estimator__max_depth=10, clf__estimator__n_estimators=100, tfidf__max_features=1000, tfidf__min_df=5; total time=   8.1s
[CV] END clf__estimator__max_depth=10, clf__estimator__n_estimators=100, tfidf__max_features=2000, tfidf__min_df=3; total time=   8.4s
[CV] END clf__estimator__max_depth=10, clf__estimator__n_estimators=100, tfidf__max_features=3000, tfidf__min_df=5; total time=   8.6s
[CV] END clf__estimator__max_depth=10, clf__estimator__n_estimators=200, tfidf__max_features=500, tfidf__min_df=5; total time=  18.1s
[CV] END clf__estimator__max_depth=10, clf__estimator__n_estimators=200, tfidf__max_features=1000, tfidf__min_df=5; total time=  16.3s
[CV] END clf__estimator__max_depth=10, clf__estimator__n_estimators=200, tfidf__max_features=2000, tfidf__min_df=5; total time=  16.0s
[CV] END clf__estimator__max_depth=10, clf__estimator__n_estimators=200, tfidf__max_features=3000, tfidf__min_df=5; total time=  15.5s
[CV] END clf__estimator__max_depth=10, clf__estimator__n_estimators=300, tfidf__max_features=500, tfidf__min_df=5; total time=  24.3s
[CV] END clf__estimator__max_depth=10, clf__estimator__n_estimators=300, tfidf__max_features=1000, tfidf__min_df=5; total time=  24.6s
[CV] END clf__estimator__max_depth=10, clf__estimator__n_estimators=300, tfidf__max_features=3000, tfidf__min_df=1; total time=  22.3s
[CV] END clf__estimator__max_depth=10, clf__estimator__n_estimators=400, tfidf__max_features=500, tfidf__min_df=1; total time=  31.7s
[CV] END clf__estimator__max_depth=10, clf__estimator__n_estimators=400, tfidf__max_features=1000, tfidf__min_df=1; total time=  31.4s
[CV] END clf__estimator__max_depth=10, clf__estimator__n_estimators=400, tfidf__max_features=2000, tfidf__min_df=1; total time=  31.3s
[CV] END clf__estimator__max_depth=10, clf__estimator__n_estimators=400, tfidf__max_features=3000, tfidf__min_df=3; total time=  29.4s
[CV] END clf__estimator__max_depth=20, clf__estimator__n_estimators=100, tfidf__max_features=500, tfidf__min_df=3; total time=  16.3s
[CV] END clf__estimator__max_depth=20, clf__estimator__n_estimators=100, tfidf__max_features=1000, tfidf__min_df=3; total time=  14.3s
[CV] END clf__estimator__max_depth=20, clf__estimator__n_estimators=100, tfidf__max_features=2000, tfidf__min_df=3; total time=  15.3s
[CV] END clf__estimator__max_depth=20, clf__estimator__n_estimators=100, tfidf__max_features=3000, tfidf__min_df=3; total time=  13.9s
[CV] END clf__estimator__max_depth=20, clf__estimator__n_estimators=200, tfidf__max_features=500, tfidf__min_df=5; total time=  29.6s
[CV] END clf__estimator__max_depth=20, clf__estimator__n_estimators=200, tfidf__max_features=1000, tfidf__min_df=5; total time=  27.3s
[CV] END clf__estimator__max_depth=20, clf__estimator__n_estimators=200, tfidf__max_features=2000, tfidf__min_df=5; total time=  25.4s
[CV] END clf__estimator__max_depth=20, clf__estimator__n_estimators=200, tfidf__max_features=3000, tfidf__min_df=5; total time=  25.7s
[CV] END clf__estimator__max_depth=20, clf__estimator__n_estimators=300, tfidf__max_features=500, tfidf__min_df=5; total time=  42.2s
[CV] END clf__estimator__max_depth=20, clf__estimator__n_estimators=300, tfidf__max_features=1000, tfidf__min_df=5; total time=  39.8s
[CV] END clf__estimator__max_depth=20, clf__estimator__n_estimators=300, tfidf__max_features=2000, tfidf__min_df=5; total time=  38.6s
[CV] END clf__estimator__max_depth=20, clf__estimator__n_estimators=400, tfidf__max_features=500, tfidf__min_df=1; total time=  56.2s
[CV] END clf__estimator__max_depth=20, clf__estimator__n_estimators=400, tfidf__max_features=1000, tfidf__min_df=1; total time=  52.4s
[CV] END clf__estimator__max_depth=20, clf__estimator__n_estimators=400, tfidf__max_features=2000, tfidf__min_df=3; total time=  50.6s
[CV] END clf__estimator__max_depth=20, clf__estimator__n_estimators=400, tfidf__max_features=3000, tfidf__min_df=3; total time=  50.9s
[CV] END clf__estimator__max_depth=None, clf__estimator__n_estimators=100, tfidf__max_features=500, tfidf__min_df=3; total time= 1.0min
[CV] END clf__estimator__max_depth=None, clf__estimator__n_estimators=100, tfidf__max_features=1000, tfidf__min_df=3; total time= 1.1min
[CV] END clf__estimator__max_depth=None, clf__estimator__n_estimators=100, tfidf__max_features=2000, tfidf__min_df=3; total time= 1.2min
[CV] END clf__estimator__max_depth=None, clf__estimator__n_estimators=100, tfidf__max_features=3000, tfidf__min_df=5; total time= 1.2min
[CV] END clf__estimator__max_depth=None, clf__estimator__n_estimators=200, tfidf__max_features=500, tfidf__min_df=5; total time= 2.0min
[CV] END clf__estimator__max_depth=10, clf__estimator__n_estimators=100, tfidf__max_features=500, tfidf__min_df=3; total time=  12.2s
[CV] END clf__estimator__max_depth=10, clf__estimator__n_estimators=100, tfidf__max_features=1000, tfidf__min_df=5; total time=   8.7s
[CV] END clf__estimator__max_depth=10, clf__estimator__n_estimators=100, tfidf__max_features=3000, tfidf__min_df=1; total time=   8.0s
[CV] END clf__estimator__max_depth=10, clf__estimator__n_estimators=100, tfidf__max_features=3000, tfidf__min_df=5; total time=   8.5s
[CV] END clf__estimator__max_depth=10, clf__estimator__n_estimators=200, tfidf__max_features=1000, tfidf__min_df=1; total time=  17.5s
[CV] END clf__estimator__max_depth=10, clf__estimator__n_estimators=200, tfidf__max_features=1000, tfidf__min_df=3; total time=  16.3s
[CV] END clf__estimator__max_depth=10, clf__estimator__n_estimators=200, tfidf__max_features=2000, tfidf__min_df=3; total time=  16.1s
[CV] END clf__estimator__max_depth=10, clf__estimator__n_estimators=200, tfidf__max_features=3000, tfidf__min_df=5; total time=  15.1s
[CV] END clf__estimator__max_depth=10, clf__estimator__n_estimators=300, tfidf__max_features=500, tfidf__min_df=5; total time=  24.5s
[CV] END clf__estimator__max_depth=10, clf__estimator__n_estimators=300, tfidf__max_features=1000, tfidf__min_df=5; total time=  24.2s
[CV] END clf__estimator__max_depth=10, clf__estimator__n_estimators=300, tfidf__max_features=2000, tfidf__min_df=5; total time=  22.5s
[CV] END clf__estimator__max_depth=10, clf__estimator__n_estimators=300, tfidf__max_features=3000, tfidf__min_df=5; total time=  22.2s
[CV] END clf__estimator__max_depth=10, clf__estimator__n_estimators=400, tfidf__max_features=1000, tfidf__min_df=1; total time=  30.5s
[CV] END clf__estimator__max_depth=10, clf__estimator__n_estimators=400, tfidf__max_features=1000, tfidf__min_df=5; total time=  32.7s
[CV] END clf__estimator__max_depth=10, clf__estimator__n_estimators=400, tfidf__max_features=3000, tfidf__min_df=1; total time=  29.3s
[CV] END clf__estimator__max_depth=20, clf__estimator__n_estimators=100, tfidf__max_features=500, tfidf__min_df=1; total time=  15.8s
[CV] END clf__estimator__max_depth=20, clf__estimator__n_estimators=100, tfidf__max_features=500, tfidf__min_df=5; total time=  15.6s
[CV] END clf__estimator__max_depth=20, clf__estimator__n_estimators=100, tfidf__max_features=1000, tfidf__min_df=5; total time=  14.7s
[CV] END clf__estimator__max_depth=20, clf__estimator__n_estimators=100, tfidf__max_features=2000, tfidf__min_df=5; total time=  14.9s
[CV] END clf__estimator__max_depth=20, clf__estimator__n_estimators=100, tfidf__max_features=3000, tfidf__min_df=5; total time=  13.9s
[CV] END clf__estimator__max_depth=20, clf__estimator__n_estimators=200, tfidf__max_features=500, tfidf__min_df=5; total time=  29.7s
[CV] END clf__estimator__max_depth=20, clf__estimator__n_estimators=200, tfidf__max_features=2000, tfidf__min_df=1; total time=  25.8s
[CV] END clf__estimator__max_depth=20, clf__estimator__n_estimators=200, tfidf__max_features=3000, tfidf__min_df=1; total time=  26.3s
[CV] END clf__estimator__max_depth=20, clf__estimator__n_estimators=300, tfidf__max_features=500, tfidf__min_df=1; total time=  42.5s
[CV] END clf__estimator__max_depth=20, clf__estimator__n_estimators=300, tfidf__max_features=1000, tfidf__min_df=1; total time=  40.8s
[CV] END clf__estimator__max_depth=20, clf__estimator__n_estimators=300, tfidf__max_features=2000, tfidf__min_df=1; total time=  37.9s
[CV] END clf__estimator__max_depth=20, clf__estimator__n_estimators=300, tfidf__max_features=3000, tfidf__min_df=1; total time=  38.0s
[CV] END clf__estimator__max_depth=20, clf__estimator__n_estimators=400, tfidf__max_features=500, tfidf__min_df=3; total time=  55.9s
[CV] END clf__estimator__max_depth=20, clf__estimator__n_estimators=400, tfidf__max_features=1000, tfidf__min_df=3; total time=  53.1s
[CV] END clf__estimator__max_depth=20, clf__estimator__n_estimators=400, tfidf__max_features=2000, tfidf__min_df=3; total time=  50.0s
[CV] END clf__estimator__max_depth=20, clf__estimator__n_estimators=400, tfidf__max_features=3000, tfidf__min_df=3; total time=  50.9s
[CV] END clf__estimator__max_depth=None, clf__estimator__n_estimators=100, tfidf__max_features=500, tfidf__min_df=3; total time= 1.0min
[CV] END clf__estimator__max_depth=None, clf__estimator__n_estimators=100, tfidf__max_features=1000, tfidf__min_df=5; total time= 1.1min
[CV] END clf__estimator__max_depth=None, clf__estimator__n_estimators=100, tfidf__max_features=2000, tfidf__min_df=5; total time= 1.1min
[CV] END clf__estimator__max_depth=None, clf__estimator__n_estimators=100, tfidf__max_features=3000, tfidf__min_df=5; total time= 1.2min
[CV] END clf__estimator__max_depth=None, clf__estimator__n_estimators=200, tfidf__max_features=500, tfidf__min_df=5; total time= 2.0min
[CV] END clf__estimator__max_depth=10, clf__estimator__n_estimators=100, tfidf__max_features=500, tfidf__min_df=3; total time=  11.9s
[CV] END clf__estimator__max_depth=10, clf__estimator__n_estimators=100, tfidf__max_features=1000, tfidf__min_df=3; total time=   8.6s
[CV] END clf__estimator__max_depth=10, clf__estimator__n_estimators=100, tfidf__max_features=2000, tfidf__min_df=3; total time=   8.3s
[CV] END clf__estimator__max_depth=10, clf__estimator__n_estimators=100, tfidf__max_features=3000, tfidf__min_df=5; total time=   8.5s
[CV] END clf__estimator__max_depth=10, clf__estimator__n_estimators=200, tfidf__max_features=500, tfidf__min_df=5; total time=  18.8s
[CV] END clf__estimator__max_depth=10, clf__estimator__n_estimators=200, tfidf__max_features=2000, tfidf__min_df=1; total time=  15.4s
[CV] END clf__estimator__max_depth=10, clf__estimator__n_estimators=200, tfidf__max_features=2000, tfidf__min_df=5; total time=  16.2s
[CV] END clf__estimator__max_depth=10, clf__estimator__n_estimators=200, tfidf__max_features=3000, tfidf__min_df=5; total time=  15.6s
[CV] END clf__estimator__max_depth=10, clf__estimator__n_estimators=300, tfidf__max_features=1000, tfidf__min_df=1; total time=  23.1s
[CV] END clf__estimator__max_depth=10, clf__estimator__n_estimators=300, tfidf__max_features=1000, tfidf__min_df=5; total time=  24.9s
[CV] END clf__estimator__max_depth=10, clf__estimator__n_estimators=300, tfidf__max_features=3000, tfidf__min_df=1; total time=  22.1s
[CV] END clf__estimator__max_depth=10, clf__estimator__n_estimators=300, tfidf__max_features=3000, tfidf__min_df=5; total time=  21.3s
[CV] END clf__estimator__max_depth=10, clf__estimator__n_estimators=400, tfidf__max_features=500, tfidf__min_df=5; total time=  31.6s
[CV] END clf__estimator__max_depth=10, clf__estimator__n_estimators=400, tfidf__max_features=2000, tfidf__min_df=1; total time=  31.2s
[CV] END clf__estimator__max_depth=10, clf__estimator__n_estimators=400, tfidf__max_features=2000, tfidf__min_df=5; total time=  29.4s
[CV] END clf__estimator__max_depth=20, clf__estimator__n_estimators=100, tfidf__max_features=500, tfidf__min_df=1; total time=  15.7s
[CV] END clf__estimator__max_depth=20, clf__estimator__n_estimators=100, tfidf__max_features=500, tfidf__min_df=3; total time=  16.0s
[CV] END clf__estimator__max_depth=20, clf__estimator__n_estimators=100, tfidf__max_features=1000, tfidf__min_df=5; total time=  14.5s
[CV] END clf__estimator__max_depth=20, clf__estimator__n_estimators=100, tfidf__max_features=2000, tfidf__min_df=5; total time=  15.6s
[CV] END clf__estimator__max_depth=20, clf__estimator__n_estimators=100, tfidf__max_features=3000, tfidf__min_df=5; total time=  14.0s
[CV] END clf__estimator__max_depth=20, clf__estimator__n_estimators=200, tfidf__max_features=500, tfidf__min_df=5; total time=  29.2s
[CV] END clf__estimator__max_depth=20, clf__estimator__n_estimators=200, tfidf__max_features=1000, tfidf__min_df=5; total time=  27.5s
[CV] END clf__estimator__max_depth=20, clf__estimator__n_estimators=200, tfidf__max_features=3000, tfidf__min_df=1; total time=  25.9s
[CV] END clf__estimator__max_depth=20, clf__estimator__n_estimators=300, tfidf__max_features=500, tfidf__min_df=1; total time=  42.3s
[CV] END clf__estimator__max_depth=20, clf__estimator__n_estimators=300, tfidf__max_features=1000, tfidf__min_df=1; total time=  39.9s
[CV] END clf__estimator__max_depth=20, clf__estimator__n_estimators=300, tfidf__max_features=2000, tfidf__min_df=1; total time=  38.4s
[CV] END clf__estimator__max_depth=20, clf__estimator__n_estimators=300, tfidf__max_features=3000, tfidf__min_df=1; total time=  38.1s
[CV] END clf__estimator__max_depth=20, clf__estimator__n_estimators=400, tfidf__max_features=500, tfidf__min_df=1; total time=  56.3s
[CV] END clf__estimator__max_depth=20, clf__estimator__n_estimators=400, tfidf__max_features=1000, tfidf__min_df=3; total time=  53.0s
[CV] END clf__estimator__max_depth=20, clf__estimator__n_estimators=400, tfidf__max_features=2000, tfidf__min_df=3; total time=  50.1s
[CV] END clf__estimator__max_depth=20, clf__estimator__n_estimators=400, tfidf__max_features=3000, tfidf__min_df=3; total time=  51.3s
[CV] END clf__estimator__max_depth=None, clf__estimator__n_estimators=100, tfidf__max_features=500, tfidf__min_df=5; total time= 1.0min
[CV] END clf__estimator__max_depth=None, clf__estimator__n_estimators=100, tfidf__max_features=1000, tfidf__min_df=5; total time= 1.1min
[CV] END clf__estimator__max_depth=None, clf__estimator__n_estimators=100, tfidf__max_features=2000, tfidf__min_df=5; total time= 1.1min
[CV] END clf__estimator__max_depth=None, clf__estimator__n_estimators=100, tfidf__max_features=3000, tfidf__min_df=5; total time= 1.2min
[CV] END clf__estimator__max_depth=None, clf__estimator__n_estimators=200, tfidf__max_features=500, tfidf__min_df=5; total time= 2.0min
[CV] END clf__estimator__max_depth=10, clf__estimator__n_estimators=100, tfidf__max_features=500, tfidf__min_df=5; total time=  12.1s
[CV] END clf__estimator__max_depth=10, clf__estimator__n_estimators=100, tfidf__max_features=1000, tfidf__min_df=3; total time=   8.4s
[CV] END clf__estimator__max_depth=10, clf__estimator__n_estimators=100, tfidf__max_features=2000, tfidf__min_df=5; total time=   8.3s
[CV] END clf__estimator__max_depth=10, clf__estimator__n_estimators=100, tfidf__max_features=3000, tfidf__min_df=5; total time=   8.1s
[CV] END clf__estimator__max_depth=10, clf__estimator__n_estimators=200, tfidf__max_features=500, tfidf__min_df=3; total time=  17.2s
[CV] END clf__estimator__max_depth=10, clf__estimator__n_estimators=200, tfidf__max_features=1000, tfidf__min_df=3; total time=  15.9s
[CV] END clf__estimator__max_depth=10, clf__estimator__n_estimators=200, tfidf__max_features=2000, tfidf__min_df=3; total time=  15.6s
[CV] END clf__estimator__max_depth=10, clf__estimator__n_estimators=200, tfidf__max_features=3000, tfidf__min_df=3; total time=  15.0s
[CV] END clf__estimator__max_depth=10, clf__estimator__n_estimators=300, tfidf__max_features=500, tfidf__min_df=3; total time=  24.3s
[CV] END clf__estimator__max_depth=10, clf__estimator__n_estimators=300, tfidf__max_features=1000, tfidf__min_df=3; total time=  24.3s
[CV] END clf__estimator__max_depth=10, clf__estimator__n_estimators=300, tfidf__max_features=2000, tfidf__min_df=5; total time=  22.9s
[CV] END clf__estimator__max_depth=10, clf__estimator__n_estimators=300, tfidf__max_features=3000, tfidf__min_df=5; total time=  22.5s
[CV] END clf__estimator__max_depth=10, clf__estimator__n_estimators=400, tfidf__max_features=500, tfidf__min_df=5; total time=  31.6s
[CV] END clf__estimator__max_depth=10, clf__estimator__n_estimators=400, tfidf__max_features=1000, tfidf__min_df=5; total time=  32.7s
[CV] END clf__estimator__max_depth=10, clf__estimator__n_estimators=400, tfidf__max_features=3000, tfidf__min_df=1; total time=  29.9s
[CV] END clf__estimator__max_depth=20, clf__estimator__n_estimators=100, tfidf__max_features=500, tfidf__min_df=1; total time=  16.1s
[CV] END clf__estimator__max_depth=20, clf__estimator__n_estimators=100, tfidf__max_features=500, tfidf__min_df=5; total time=  15.6s
[CV] END clf__estimator__max_depth=20, clf__estimator__n_estimators=100, tfidf__max_features=1000, tfidf__min_df=5; total time=  14.4s
[CV] END clf__estimator__max_depth=20, clf__estimator__n_estimators=100, tfidf__max_features=2000, tfidf__min_df=5; total time=  15.1s
[CV] END clf__estimator__max_depth=20, clf__estimator__n_estimators=100, tfidf__max_features=3000, tfidf__min_df=5; total time=  13.8s
[CV] END clf__estimator__max_depth=20, clf__estimator__n_estimators=200, tfidf__max_features=1000, tfidf__min_df=1; total time=  28.5s
[CV] END clf__estimator__max_depth=20, clf__estimator__n_estimators=200, tfidf__max_features=2000, tfidf__min_df=1; total time=  25.9s
[CV] END clf__estimator__max_depth=20, clf__estimator__n_estimators=200, tfidf__max_features=2000, tfidf__min_df=5; total time=  26.9s
[CV] END clf__estimator__max_depth=20, clf__estimator__n_estimators=300, tfidf__max_features=500, tfidf__min_df=1; total time=  43.6s
[CV] END clf__estimator__max_depth=20, clf__estimator__n_estimators=300, tfidf__max_features=1000, tfidf__min_df=1; total time=  40.3s
[CV] END clf__estimator__max_depth=20, clf__estimator__n_estimators=300, tfidf__max_features=2000, tfidf__min_df=3; total time=  38.5s
[CV] END clf__estimator__max_depth=20, clf__estimator__n_estimators=300, tfidf__max_features=3000, tfidf__min_df=3; total time=  38.7s
[CV] END clf__estimator__max_depth=20, clf__estimator__n_estimators=400, tfidf__max_features=500, tfidf__min_df=3; total time=  55.4s
[CV] END clf__estimator__max_depth=20, clf__estimator__n_estimators=400, tfidf__max_features=1000, tfidf__min_df=3; total time=  51.8s
[CV] END clf__estimator__max_depth=20, clf__estimator__n_estimators=400, tfidf__max_features=2000, tfidf__min_df=3; total time=  49.9s
[CV] END clf__estimator__max_depth=20, clf__estimator__n_estimators=400, tfidf__max_features=3000, tfidf__min_df=3; total time=  50.7s
[CV] END clf__estimator__max_depth=None, clf__estimator__n_estimators=100, tfidf__max_features=500, tfidf__min_df=3; total time= 1.0min
[CV] END clf__estimator__max_depth=None, clf__estimator__n_estimators=100, tfidf__max_features=1000, tfidf__min_df=3; total time= 1.1min
[CV] END clf__estimator__max_depth=None, clf__estimator__n_estimators=100, tfidf__max_features=2000, tfidf__min_df=5; total time= 1.2min
[CV] END clf__estimator__max_depth=None, clf__estimator__n_estimators=100, tfidf__max_features=3000, tfidf__min_df=5; total time= 1.2min
[CV] END clf__estimator__max_depth=None, clf__estimator__n_estimators=200, tfidf__max_features=500, tfidf__min_df=5; total time= 2.1min
[CV] END clf__estimator__max_depth=10, clf__estimator__n_estimators=100, tfidf__max_features=500, tfidf__min_df=1; total time=  12.1s
[CV] END clf__estimator__max_depth=10, clf__estimator__n_estimators=100, tfidf__max_features=1000, tfidf__min_df=3; total time=   8.5s
[CV] END clf__estimator__max_depth=10, clf__estimator__n_estimators=100, tfidf__max_features=2000, tfidf__min_df=3; total time=   8.4s
[CV] END clf__estimator__max_depth=10, clf__estimator__n_estimators=100, tfidf__max_features=3000, tfidf__min_df=5; total time=   8.4s
[CV] END clf__estimator__max_depth=10, clf__estimator__n_estimators=200, tfidf__max_features=500, tfidf__min_df=5; total time=  17.9s
[CV] END clf__estimator__max_depth=10, clf__estimator__n_estimators=200, tfidf__max_features=1000, tfidf__min_df=3; total time=  16.6s
[CV] END clf__estimator__max_depth=10, clf__estimator__n_estimators=200, tfidf__max_features=2000, tfidf__min_df=5; total time=  16.1s
[CV] END clf__estimator__max_depth=10, clf__estimator__n_estimators=200, tfidf__max_features=3000, tfidf__min_df=5; total time=  15.3s
[CV] END clf__estimator__max_depth=10, clf__estimator__n_estimators=300, tfidf__max_features=500, tfidf__min_df=5; total time=  24.0s
[CV] END clf__estimator__max_depth=10, clf__estimator__n_estimators=300, tfidf__max_features=1000, tfidf__min_df=5; total time=  23.8s
[CV] END clf__estimator__max_depth=10, clf__estimator__n_estimators=300, tfidf__max_features=2000, tfidf__min_df=5; total time=  21.9s
[CV] END clf__estimator__max_depth=10, clf__estimator__n_estimators=300, tfidf__max_features=3000, tfidf__min_df=5; total time=  22.3s
[CV] END clf__estimator__max_depth=10, clf__estimator__n_estimators=400, tfidf__max_features=500, tfidf__min_df=5; total time=  31.9s
[CV] END clf__estimator__max_depth=10, clf__estimator__n_estimators=400, tfidf__max_features=2000, tfidf__min_df=1; total time=  31.3s
[CV] END clf__estimator__max_depth=10, clf__estimator__n_estimators=400, tfidf__max_features=3000, tfidf__min_df=1; total time=  29.2s
[CV] END clf__estimator__max_depth=20, clf__estimator__n_estimators=100, tfidf__max_features=500, tfidf__min_df=1; total time=  15.5s
[CV] END clf__estimator__max_depth=20, clf__estimator__n_estimators=100, tfidf__max_features=500, tfidf__min_df=3; total time=  15.5s
[CV] END clf__estimator__max_depth=20, clf__estimator__n_estimators=100, tfidf__max_features=1000, tfidf__min_df=3; total time=  14.4s
[CV] END clf__estimator__max_depth=20, clf__estimator__n_estimators=100, tfidf__max_features=2000, tfidf__min_df=5; total time=  14.9s
[CV] END clf__estimator__max_depth=20, clf__estimator__n_estimators=100, tfidf__max_features=3000, tfidf__min_df=5; total time=  13.5s
[CV] END clf__estimator__max_depth=20, clf__estimator__n_estimators=200, tfidf__max_features=500, tfidf__min_df=5; total time=  30.2s
[CV] END clf__estimator__max_depth=20, clf__estimator__n_estimators=200, tfidf__max_features=1000, tfidf__min_df=5; total time=  27.6s
[CV] END clf__estimator__max_depth=20, clf__estimator__n_estimators=200, tfidf__max_features=3000, tfidf__min_df=1; total time=  26.8s
[CV] END clf__estimator__max_depth=20, clf__estimator__n_estimators=300, tfidf__max_features=500, tfidf__min_df=1; total time=  42.8s
[CV] END clf__estimator__max_depth=20, clf__estimator__n_estimators=300, tfidf__max_features=1000, tfidf__min_df=1; total time=  40.0s
[CV] END clf__estimator__max_depth=20, clf__estimator__n_estimators=300, tfidf__max_features=2000, tfidf__min_df=1; total time=  37.9s
[CV] END clf__estimator__max_depth=20, clf__estimator__n_estimators=300, tfidf__max_features=3000, tfidf__min_df=3; total time=  38.8s
[CV] END clf__estimator__max_depth=20, clf__estimator__n_estimators=400, tfidf__max_features=500, tfidf__min_df=3; total time=  56.7s
[CV] END clf__estimator__max_depth=20, clf__estimator__n_estimators=400, tfidf__max_features=1000, tfidf__min_df=3; total time=  52.8s
[CV] END clf__estimator__max_depth=20, clf__estimator__n_estimators=400, tfidf__max_features=2000, tfidf__min_df=3; total time=  50.7s
[CV] END clf__estimator__max_depth=20, clf__estimator__n_estimators=400, tfidf__max_features=3000, tfidf__min_df=5; total time=  51.0s
[CV] END clf__estimator__max_depth=None, clf__estimator__n_estimators=100, tfidf__max_features=500, tfidf__min_df=5; total time= 1.0min
[CV] END clf__estimator__max_depth=None, clf__estimator__n_estimators=100, tfidf__max_features=1000, tfidf__min_df=5; total time= 1.1min
[CV] END clf__estimator__max_depth=None, clf__estimator__n_estimators=100, tfidf__max_features=2000, tfidf__min_df=5; total time= 1.1min
[CV] END clf__estimator__max_depth=None, clf__estimator__n_estimators=100, tfidf__max_features=3000, tfidf__min_df=5; total time= 1.2min
[CV] END clf__estimator__max_depth=None, clf__estimator__n_estimators=200, tfidf__max_features=1000, tfidf__min_df=1; total time= 2.1min
[CV] END clf__estimator__max_depth=None, clf__estimator__n_estimators=200, tfidf__max_features=1000, tfidf__min_df=5; total time= 2.2min
[CV] END clf__estimator__max_depth=None, clf__estimator__n_estimators=200, tfidf__max_features=2000, tfidf__min_df=5; total time= 2.2min
[CV] END clf__estimator__max_depth=None, clf__estimator__n_estimators=200, tfidf__max_features=3000, tfidf__min_df=5; total time= 2.4min
[CV] END clf__estimator__max_depth=None, clf__estimator__n_estimators=300, tfidf__max_features=500, tfidf__min_df=5; total time= 3.3min
[CV] END clf__estimator__max_depth=None, clf__estimator__n_estimators=200, tfidf__max_features=1000, tfidf__min_df=5; total time= 2.2min
[CV] END clf__estimator__max_depth=None, clf__estimator__n_estimators=200, tfidf__max_features=3000, tfidf__min_df=1; total time= 2.4min
[CV] END clf__estimator__max_depth=None, clf__estimator__n_estimators=300, tfidf__max_features=500, tfidf__min_df=1; total time= 3.1min
[CV] END clf__estimator__max_depth=None, clf__estimator__n_estimators=300, tfidf__max_features=1000, tfidf__min_df=1; total time= 3.5min
[CV] END clf__estimator__max_depth=None, clf__estimator__n_estimators=200, tfidf__max_features=1000, tfidf__min_df=1; total time= 2.2min
[CV] END clf__estimator__max_depth=None, clf__estimator__n_estimators=200, tfidf__max_features=2000, tfidf__min_df=1; total time= 2.3min
[CV] END clf__estimator__max_depth=None, clf__estimator__n_estimators=200, tfidf__max_features=3000, tfidf__min_df=3; total time= 2.4min
[CV] END clf__estimator__max_depth=None, clf__estimator__n_estimators=300, tfidf__max_features=500, tfidf__min_df=3; total time= 3.2min
[CV] END clf__estimator__max_depth=None, clf__estimator__n_estimators=300, tfidf__max_features=1000, tfidf__min_df=3; total time= 3.3min
[CV] END clf__estimator__max_depth=None, clf__estimator__n_estimators=200, tfidf__max_features=2000, tfidf__min_df=1; total time= 2.3min
[CV] END clf__estimator__max_depth=None, clf__estimator__n_estimators=200, tfidf__max_features=3000, tfidf__min_df=1; total time= 2.4min
[CV] END clf__estimator__max_depth=None, clf__estimator__n_estimators=300, tfidf__max_features=500, tfidf__min_df=1; total time= 3.1min
[CV] END clf__estimator__max_depth=None, clf__estimator__n_estimators=300, tfidf__max_features=1000, tfidf__min_df=1; total time= 3.5min
[CV] END clf__estimator__max_depth=None, clf__estimator__n_estimators=300, tfidf__max_features=2000, tfidf__min_df=1; total time= 3.3min
[CV] END clf__estimator__max_depth=None, clf__estimator__n_estimators=200, tfidf__max_features=1000, tfidf__min_df=5; total time= 2.2min
[CV] END clf__estimator__max_depth=None, clf__estimator__n_estimators=200, tfidf__max_features=2000, tfidf__min_df=5; total time= 2.2min
[CV] END clf__estimator__max_depth=None, clf__estimator__n_estimators=200, tfidf__max_features=3000, tfidf__min_df=5; total time= 2.4min
[CV] END clf__estimator__max_depth=None, clf__estimator__n_estimators=300, tfidf__max_features=1000, tfidf__min_df=1; total time= 3.4min
[CV] END clf__estimator__max_depth=None, clf__estimator__n_estimators=300, tfidf__max_features=2000, tfidf__min_df=1; total time= 3.4min
[CV] END clf__estimator__max_depth=None, clf__estimator__n_estimators=300, tfidf__max_features=3000, tfidf__min_df=1; total time= 3.6min
[CV] END clf__estimator__max_depth=None, clf__estimator__n_estimators=200, tfidf__max_features=1000, tfidf__min_df=5; total time= 2.1min
[CV] END clf__estimator__max_depth=None, clf__estimator__n_estimators=200, tfidf__max_features=2000, tfidf__min_df=5; total time= 2.3min
[CV] END clf__estimator__max_depth=None, clf__estimator__n_estimators=300, tfidf__max_features=500, tfidf__min_df=1; total time= 3.1min
[CV] END clf__estimator__max_depth=None, clf__estimator__n_estimators=300, tfidf__max_features=1000, tfidf__min_df=1; total time= 3.5min
[CV] END clf__estimator__max_depth=None, clf__estimator__n_estimators=300, tfidf__max_features=2000, tfidf__min_df=1; total time= 3.3min
[CV] END clf__estimator__max_depth=None, clf__estimator__n_estimators=300, tfidf__max_features=3000, tfidf__min_df=1; total time= 3.6min
[CV] END clf__estimator__max_depth=None, clf__estimator__n_estimators=200, tfidf__max_features=1000, tfidf__min_df=1; total time= 2.2min
[CV] END clf__estimator__max_depth=None, clf__estimator__n_estimators=200, tfidf__max_features=2000, tfidf__min_df=1; total time= 2.2min
[CV] END clf__estimator__max_depth=None, clf__estimator__n_estimators=200, tfidf__max_features=3000, tfidf__min_df=1; total time= 2.4min
[CV] END clf__estimator__max_depth=None, clf__estimator__n_estimators=300, tfidf__max_features=500, tfidf__min_df=1; total time= 3.3min
[CV] END clf__estimator__max_depth=None, clf__estimator__n_estimators=300, tfidf__max_features=1000, tfidf__min_df=3; total time= 3.3min
[CV] END clf__estimator__max_depth=None, clf__estimator__n_estimators=300, tfidf__max_features=2000, tfidf__min_df=3; total time= 3.4min
[CV] END clf__estimator__max_depth=None, clf__estimator__n_estimators=300, tfidf__max_features=3000, tfidf__min_df=3; total time= 3.5min
[CV] END clf__estimator__max_depth=None, clf__estimator__n_estimators=200, tfidf__max_features=1000, tfidf__min_df=1; total time= 2.2min
[CV] END clf__estimator__max_depth=None, clf__estimator__n_estimators=200, tfidf__max_features=2000, tfidf__min_df=1; total time= 2.3min
[CV] END clf__estimator__max_depth=None, clf__estimator__n_estimators=200, tfidf__max_features=3000, tfidf__min_df=1; total time= 2.4min
[CV] END clf__estimator__max_depth=None, clf__estimator__n_estimators=300, tfidf__max_features=500, tfidf__min_df=3; total time= 3.3min
[CV] END clf__estimator__max_depth=None, clf__estimator__n_estimators=300, tfidf__max_features=1000, tfidf__min_df=3; total time= 3.2min
[CV] END clf__estimator__max_depth=None, clf__estimator__n_estimators=300, tfidf__max_features=2000, tfidf__min_df=3; total time= 3.3min
[CV] END clf__estimator__max_depth=None, clf__estimator__n_estimators=300, tfidf__max_features=3000, tfidf__min_df=3; total time= 3.6min
[CV] END clf__estimator__max_depth=None, clf__estimator__n_estimators=200, tfidf__max_features=1000, tfidf__min_df=1; total time= 2.2min
[CV] END clf__estimator__max_depth=None, clf__estimator__n_estimators=200, tfidf__max_features=2000, tfidf__min_df=3; total time= 2.2min
[CV] END clf__estimator__max_depth=None, clf__estimator__n_estimators=200, tfidf__max_features=3000, tfidf__min_df=3; total time= 2.4min
[CV] END clf__estimator__max_depth=None, clf__estimator__n_estimators=300, tfidf__max_features=500, tfidf__min_df=3; total time= 3.4min
[CV] END clf__estimator__max_depth=None, clf__estimator__n_estimators=300, tfidf__max_features=1000, tfidf__min_df=3; total time= 3.2min
[CV] END clf__estimator__max_depth=None, clf__estimator__n_estimators=300, tfidf__max_features=2000, tfidf__min_df=3; total time= 3.4min
[CV] END clf__estimator__max_depth=None, clf__estimator__n_estimators=300, tfidf__max_features=3000, tfidf__min_df=3; total time= 3.6min
[CV] END clf__estimator__max_depth=None, clf__estimator__n_estimators=200, tfidf__max_features=1000, tfidf__min_df=3; total time= 2.2min
[CV] END clf__estimator__max_depth=None, clf__estimator__n_estimators=200, tfidf__max_features=2000, tfidf__min_df=3; total time= 2.2min
[CV] END clf__estimator__max_depth=None, clf__estimator__n_estimators=200, tfidf__max_features=3000, tfidf__min_df=3; total time= 2.4min
[CV] END clf__estimator__max_depth=None, clf__estimator__n_estimators=300, tfidf__max_features=500, tfidf__min_df=3; total time= 3.2min
[CV] END clf__estimator__max_depth=None, clf__estimator__n_estimators=300, tfidf__max_features=1000, tfidf__min_df=3; total time= 3.3min
[CV] END clf__estimator__max_depth=None, clf__estimator__n_estimators=300, tfidf__max_features=2000, tfidf__min_df=5; total time= 3.3min
[CV] END clf__estimator__max_depth=None, clf__estimator__n_estimators=300, tfidf__max_features=3000, tfidf__min_df=5; total time= 3.6min
[CV] END clf__estimator__max_depth=None, clf__estimator__n_estimators=200, tfidf__max_features=1000, tfidf__min_df=3; total time= 2.2min
[CV] END clf__estimator__max_depth=None, clf__estimator__n_estimators=200, tfidf__max_features=2000, tfidf__min_df=3; total time= 2.3min
[CV] END clf__estimator__max_depth=None, clf__estimator__n_estimators=200, tfidf__max_features=3000, tfidf__min_df=3; total time= 2.4min
[CV] END clf__estimator__max_depth=None, clf__estimator__n_estimators=300, tfidf__max_features=500, tfidf__min_df=5; total time= 3.2min
[CV] END clf__estimator__max_depth=None, clf__estimator__n_estimators=300, tfidf__max_features=1000, tfidf__min_df=5; total time= 3.3min
[CV] END clf__estimator__max_depth=None, clf__estimator__n_estimators=300, tfidf__max_features=2000, tfidf__min_df=5; total time= 3.4min
[CV] END clf__estimator__max_depth=None, clf__estimator__n_estimators=300, tfidf__max_features=3000, tfidf__min_df=5; total time= 3.5min
[CV] END clf__estimator__max_depth=None, clf__estimator__n_estimators=200, tfidf__max_features=1000, tfidf__min_df=3; total time= 2.2min
[CV] END clf__estimator__max_depth=None, clf__estimator__n_estimators=200, tfidf__max_features=2000, tfidf__min_df=3; total time= 2.3min
[CV] END clf__estimator__max_depth=None, clf__estimator__n_estimators=200, tfidf__max_features=3000, tfidf__min_df=3; total time= 2.4min
[CV] END clf__estimator__max_depth=None, clf__estimator__n_estimators=300, tfidf__max_features=500, tfidf__min_df=3; total time= 3.4min
[CV] END clf__estimator__max_depth=None, clf__estimator__n_estimators=300, tfidf__max_features=1000, tfidf__min_df=5; total time= 3.3min
[CV] END clf__estimator__max_depth=None, clf__estimator__n_estimators=300, tfidf__max_features=2000, tfidf__min_df=5; total time= 3.4min
[CV] END clf__estimator__max_depth=None, clf__estimator__n_estimators=300, tfidf__max_features=3000, tfidf__min_df=5; total time= 3.6min
[CV] END clf__estimator__max_depth=None, clf__estimator__n_estimators=200, tfidf__max_features=1000, tfidf__min_df=5; total time= 2.2min
[CV] END clf__estimator__max_depth=None, clf__estimator__n_estimators=200, tfidf__max_features=2000, tfidf__min_df=5; total time= 2.3min
[CV] END clf__estimator__max_depth=None, clf__estimator__n_estimators=200, tfidf__max_features=3000, tfidf__min_df=5; total time= 2.4min
[CV] END clf__estimator__max_depth=None, clf__estimator__n_estimators=300, tfidf__max_features=500, tfidf__min_df=5; total time= 3.3min
[CV] END clf__estimator__max_depth=None, clf__estimator__n_estimators=300, tfidf__max_features=1000, tfidf__min_df=5; total time= 3.2min
[CV] END clf__estimator__max_depth=None, clf__estimator__n_estimators=300, tfidf__max_features=2000, tfidf__min_df=5; total time= 3.4min
[CV] END clf__estimator__max_depth=None, clf__estimator__n_estimators=400, tfidf__max_features=500, tfidf__min_df=1; total time= 3.9min
[CV] END clf__estimator__max_depth=None, clf__estimator__n_estimators=200, tfidf__max_features=1000, tfidf__min_df=3; total time= 2.2min
[CV] END clf__estimator__max_depth=None, clf__estimator__n_estimators=200, tfidf__max_features=2000, tfidf__min_df=5; total time= 2.3min
[CV] END clf__estimator__max_depth=None, clf__estimator__n_estimators=200, tfidf__max_features=3000, tfidf__min_df=5; total time= 2.4min
[CV] END clf__estimator__max_depth=None, clf__estimator__n_estimators=300, tfidf__max_features=500, tfidf__min_df=5; total time= 3.4min
[CV] END clf__estimator__max_depth=None, clf__estimator__n_estimators=300, tfidf__max_features=2000, tfidf__min_df=1; total time= 3.4min
[CV] END clf__estimator__max_depth=None, clf__estimator__n_estimators=300, tfidf__max_features=3000, tfidf__min_df=1; total time= 3.6min
[CV] END clf__estimator__max_depth=None, clf__estimator__n_estimators=400, tfidf__max_features=500, tfidf__min_df=1; total time= 3.9min
[CV] END clf__estimator__max_depth=None, clf__estimator__n_estimators=200, tfidf__max_features=2000, tfidf__min_df=1; total time= 2.4min
[CV] END clf__estimator__max_depth=None, clf__estimator__n_estimators=200, tfidf__max_features=3000, tfidf__min_df=1; total time= 2.4min
[CV] END clf__estimator__max_depth=None, clf__estimator__n_estimators=300, tfidf__max_features=500, tfidf__min_df=1; total time= 3.2min
[CV] END clf__estimator__max_depth=None, clf__estimator__n_estimators=300, tfidf__max_features=1000, tfidf__min_df=1; total time= 3.4min
[CV] END clf__estimator__max_depth=None, clf__estimator__n_estimators=300, tfidf__max_features=2000, tfidf__min_df=3; total time= 3.3min
[CV] END clf__estimator__max_depth=None, clf__estimator__n_estimators=300, tfidf__max_features=3000, tfidf__min_df=3; total time= 3.5min
[CV] END clf__estimator__max_depth=None, clf__estimator__n_estimators=400, tfidf__max_features=500, tfidf__min_df=3; total time= 4.0min
[CV] END clf__estimator__max_depth=None, clf__estimator__n_estimators=200, tfidf__max_features=1000, tfidf__min_df=3; total time= 2.2min
[CV] END clf__estimator__max_depth=None, clf__estimator__n_estimators=200, tfidf__max_features=2000, tfidf__min_df=3; total time= 2.3min
[CV] END clf__estimator__max_depth=None, clf__estimator__n_estimators=200, tfidf__max_features=3000, tfidf__min_df=5; total time= 2.4min
[CV] END clf__estimator__max_depth=None, clf__estimator__n_estimators=300, tfidf__max_features=500, tfidf__min_df=5; total time= 3.3min
[CV] END clf__estimator__max_depth=None, clf__estimator__n_estimators=300, tfidf__max_features=1000, tfidf__min_df=5; total time= 3.2min
[CV] END clf__estimator__max_depth=None, clf__estimator__n_estimators=300, tfidf__max_features=2000, tfidf__min_df=5; total time= 3.3min
[CV] END clf__estimator__max_depth=None, clf__estimator__n_estimators=300, tfidf__max_features=3000, tfidf__min_df=5; total time= 3.6min
[CV] END clf__estimator__max_depth=None, clf__estimator__n_estimators=400, tfidf__max_features=500, tfidf__min_df=5; total time= 4.0min
[CV] END clf__estimator__max_depth=None, clf__estimator__n_estimators=300, tfidf__max_features=1000, tfidf__min_df=5; total time= 3.2min
[CV] END clf__estimator__max_depth=None, clf__estimator__n_estimators=300, tfidf__max_features=3000, tfidf__min_df=1; total time= 3.6min
[CV] END clf__estimator__max_depth=None, clf__estimator__n_estimators=400, tfidf__max_features=500, tfidf__min_df=1; total time= 3.9min
[CV] END clf__estimator__max_depth=None, clf__estimator__n_estimators=400, tfidf__max_features=1000, tfidf__min_df=1; total time= 4.1min
[CV] END clf__estimator__max_depth=None, clf__estimator__n_estimators=300, tfidf__max_features=2000, tfidf__min_df=1; total time= 3.4min
[CV] END clf__estimator__max_depth=None, clf__estimator__n_estimators=300, tfidf__max_features=3000, tfidf__min_df=1; total time= 3.6min
[CV] END clf__estimator__max_depth=None, clf__estimator__n_estimators=400, tfidf__max_features=500, tfidf__min_df=3; total time= 3.9min
[CV] END clf__estimator__max_depth=None, clf__estimator__n_estimators=400, tfidf__max_features=1000, tfidf__min_df=3; total time= 4.2min
[CV] END clf__estimator__max_depth=None, clf__estimator__n_estimators=400, tfidf__max_features=2000, tfidf__min_df=3; total time= 4.4min
[CV] END clf__estimator__max_depth=None, clf__estimator__n_estimators=400, tfidf__max_features=500, tfidf__min_df=5; total time= 4.0min
[CV] END clf__estimator__max_depth=None, clf__estimator__n_estimators=400, tfidf__max_features=1000, tfidf__min_df=5; total time= 4.2min
[CV] END clf__estimator__max_depth=None, clf__estimator__n_estimators=400, tfidf__max_features=2000, tfidf__min_df=5; total time= 4.5min
Evaluating model...

# Evaluation for request
Accuracy: 0.87
Precision score: 0.81
Recall score: 0.74
F1-score: 0.87

# Evaluation for aid_related
Accuracy: 0.85
Precision score: 0.88
Recall score: 0.92
F1-score: 0.84

# Evaluation for medical_help
Accuracy: 0.90
Precision score: 0.75
Recall score: 0.51
F1-score: 0.89

# Evaluation for food
Accuracy: 0.95
Precision score: 0.92
Recall score: 0.82
F1-score: 0.95

# Evaluation for shelter
Accuracy: 0.92
Precision score: 0.87
Recall score: 0.64
F1-score: 0.92

# Evaluation for other_aid
Accuracy: 0.79
Precision score: 0.60
Recall score: 0.32
F1-score: 0.76

# Evaluation for weather_related
Accuracy: 0.88
Precision score: 0.91
Recall score: 0.84
F1-score: 0.88

# Evaluation for floods
Accuracy: 0.93
Precision score: 0.88
Recall score: 0.61
F1-score: 0.92

# Evaluation for storm
Accuracy: 0.94
Precision score: 0.85
Recall score: 0.80
F1-score: 0.94

# Evaluation for earthquake
Accuracy: 0.96
Precision score: 0.95
Recall score: 0.82
F1-score: 0.96

# Evaluation for direct_report
Accuracy: 0.81
Precision score: 0.74
Recall score: 0.70
F1-score: 0.81

Macro-averaged F1-score: 0.89
Saving model...
    MODEL: models/classifier.pkl
Trained model saved!
Process ended at: 2024-10-30 18:12:08.032330
Total execution time: 0:57:44.162931
[CV] END clf__estimator__max_depth=None, clf__estimator__n_estimators=400, tfidf__max_features=1000, tfidf__min_df=5; total time= 4.4min
[CV] END clf__estimator__max_depth=None, clf__estimator__n_estimators=400, tfidf__max_features=3000, tfidf__min_df=1; total time= 4.7min
[CV] END clf__estimator__max_depth=None, clf__estimator__n_estimators=400, tfidf__max_features=500, tfidf__min_df=5; total time= 4.1min
[CV] END clf__estimator__max_depth=None, clf__estimator__n_estimators=400, tfidf__max_features=2000, tfidf__min_df=1; total time= 4.5min
[CV] END clf__estimator__max_depth=None, clf__estimator__n_estimators=400, tfidf__max_features=3000, tfidf__min_df=1; total time= 4.7min
[CV] END clf__estimator__max_depth=None, clf__estimator__n_estimators=400, tfidf__max_features=1000, tfidf__min_df=1; total time= 4.2min
[CV] END clf__estimator__max_depth=None, clf__estimator__n_estimators=400, tfidf__max_features=2000, tfidf__min_df=1; total time= 4.6min
[CV] END clf__estimator__max_depth=None, clf__estimator__n_estimators=400, tfidf__max_features=3000, tfidf__min_df=1; total time= 4.6min
[CV] END clf__estimator__max_depth=None, clf__estimator__n_estimators=400, tfidf__max_features=1000, tfidf__min_df=1; total time= 4.3min
[CV] END clf__estimator__max_depth=None, clf__estimator__n_estimators=400, tfidf__max_features=2000, tfidf__min_df=1; total time= 4.5min
[CV] END clf__estimator__max_depth=None, clf__estimator__n_estimators=400, tfidf__max_features=3000, tfidf__min_df=1; total time= 4.7min
[CV] END clf__estimator__max_depth=None, clf__estimator__n_estimators=400, tfidf__max_features=2000, tfidf__min_df=1; total time= 4.6min
[CV] END clf__estimator__max_depth=None, clf__estimator__n_estimators=400, tfidf__max_features=3000, tfidf__min_df=1; total time= 4.6min
[CV] END clf__estimator__max_depth=None, clf__estimator__n_estimators=400, tfidf__max_features=1000, tfidf__min_df=1; total time= 4.2min
[CV] END clf__estimator__max_depth=None, clf__estimator__n_estimators=400, tfidf__max_features=2000, tfidf__min_df=1; total time= 4.6min
[CV] END clf__estimator__max_depth=None, clf__estimator__n_estimators=400, tfidf__max_features=3000, tfidf__min_df=3; total time= 4.4min
[CV] END clf__estimator__max_depth=None, clf__estimator__n_estimators=400, tfidf__max_features=500, tfidf__min_df=1; total time= 4.0min
[CV] END clf__estimator__max_depth=None, clf__estimator__n_estimators=400, tfidf__max_features=1000, tfidf__min_df=1; total time= 4.2min
[CV] END clf__estimator__max_depth=None, clf__estimator__n_estimators=400, tfidf__max_features=2000, tfidf__min_df=3; total time= 4.5min
[CV] END clf__estimator__max_depth=None, clf__estimator__n_estimators=400, tfidf__max_features=3000, tfidf__min_df=3; total time= 4.4min
[CV] END clf__estimator__max_depth=None, clf__estimator__n_estimators=400, tfidf__max_features=3000, tfidf__min_df=3; total time= 3.9min
[CV] END clf__estimator__max_depth=None, clf__estimator__n_estimators=400, tfidf__max_features=500, tfidf__min_df=1; total time= 4.0min
[CV] END clf__estimator__max_depth=None, clf__estimator__n_estimators=400, tfidf__max_features=1000, tfidf__min_df=3; total time= 4.1min
[CV] END clf__estimator__max_depth=None, clf__estimator__n_estimators=400, tfidf__max_features=2000, tfidf__min_df=3; total time= 4.6min
[CV] END clf__estimator__max_depth=None, clf__estimator__n_estimators=400, tfidf__max_features=3000, tfidf__min_df=3; total time= 4.0min
[CV] END clf__estimator__max_depth=None, clf__estimator__n_estimators=300, tfidf__max_features=3000, tfidf__min_df=3; total time= 3.7min
[CV] END clf__estimator__max_depth=None, clf__estimator__n_estimators=400, tfidf__max_features=500, tfidf__min_df=3; total time= 3.9min
[CV] END clf__estimator__max_depth=None, clf__estimator__n_estimators=400, tfidf__max_features=1000, tfidf__min_df=3; total time= 4.2min
[CV] END clf__estimator__max_depth=None, clf__estimator__n_estimators=400, tfidf__max_features=2000, tfidf__min_df=3; total time= 4.5min
[CV] END clf__estimator__max_depth=None, clf__estimator__n_estimators=400, tfidf__max_features=3000, tfidf__min_df=3; total time= 3.9min
[CV] END clf__estimator__max_depth=None, clf__estimator__n_estimators=400, tfidf__max_features=1000, tfidf__min_df=3; total time= 4.2min
[CV] END clf__estimator__max_depth=None, clf__estimator__n_estimators=400, tfidf__max_features=2000, tfidf__min_df=3; total time= 4.5min
[CV] END clf__estimator__max_depth=None, clf__estimator__n_estimators=400, tfidf__max_features=3000, tfidf__min_df=5; total time= 3.9min
[CV] END clf__estimator__max_depth=None, clf__estimator__n_estimators=400, tfidf__max_features=500, tfidf__min_df=5; total time= 4.0min
[CV] END clf__estimator__max_depth=None, clf__estimator__n_estimators=400, tfidf__max_features=1000, tfidf__min_df=5; total time= 4.1min
[CV] END clf__estimator__max_depth=None, clf__estimator__n_estimators=400, tfidf__max_features=2000, tfidf__min_df=5; total time= 4.4min
[CV] END clf__estimator__max_depth=None, clf__estimator__n_estimators=400, tfidf__max_features=3000, tfidf__min_df=5; total time= 3.2min
[CV] END clf__estimator__max_depth=None, clf__estimator__n_estimators=400, tfidf__max_features=500, tfidf__min_df=3; total time= 4.1min
[CV] END clf__estimator__max_depth=None, clf__estimator__n_estimators=400, tfidf__max_features=1000, tfidf__min_df=5; total time= 4.3min
[CV] END clf__estimator__max_depth=None, clf__estimator__n_estimators=400, tfidf__max_features=2000, tfidf__min_df=5; total time= 4.5min
[CV] END clf__estimator__max_depth=None, clf__estimator__n_estimators=400, tfidf__max_features=3000, tfidf__min_df=5; total time= 3.1min
[CV] END clf__estimator__max_depth=None, clf__estimator__n_estimators=400, tfidf__max_features=500, tfidf__min_df=3; total time= 4.0min
[CV] END clf__estimator__max_depth=None, clf__estimator__n_estimators=400, tfidf__max_features=1000, tfidf__min_df=3; total time= 4.3min
[CV] END clf__estimator__max_depth=None, clf__estimator__n_estimators=400, tfidf__max_features=2000, tfidf__min_df=5; total time= 4.5min
[CV] END clf__estimator__max_depth=None, clf__estimator__n_estimators=400, tfidf__max_features=3000, tfidf__min_df=5; total time= 3.4min
[CV] END clf__estimator__max_depth=None, clf__estimator__n_estimators=300, tfidf__max_features=2000, tfidf__min_df=3; total time= 3.4min
[CV] END clf__estimator__max_depth=None, clf__estimator__n_estimators=300, tfidf__max_features=3000, tfidf__min_df=5; total time= 3.5min
[CV] END clf__estimator__max_depth=None, clf__estimator__n_estimators=400, tfidf__max_features=500, tfidf__min_df=5; total time= 3.9min
[CV] END clf__estimator__max_depth=None, clf__estimator__n_estimators=400, tfidf__max_features=1000, tfidf__min_df=5; total time= 4.2min
[CV] END clf__estimator__max_depth=None, clf__estimator__n_estimators=400, tfidf__max_features=2000, tfidf__min_df=5; total time= 4.5min
[CV] END clf__estimator__max_depth=None, clf__estimator__n_estimators=400, tfidf__max_features=3000, tfidf__min_df=5; total time= 3.3min
